時間： 2020/12/01 01:00 高値： 19863.16 安値： 19135 終値： 19291.88
時間： 2020/12/01 03:00 高値： 19579 安値： 19011.1 終値： 19393.6
時間： 2020/12/01 05:00 高値： 19467.23 安値： 19050 終値： 19259.98
時間： 2020/12/01 07:00 高値： 19520 安値： 19170.78 終値： 19381.25
時間： 2020/12/01 09:00 高値： 19747.05 安値： 19233.09 終値： 19695.87
時間： 2020/12/01 11:00 高値： 19720 安値： 19433.15 終値： 19605.75
時間： 2020/12/01 13:00 高値： 19704.93 安値： 19340 終値： 19419.74
時間： 2020/12/01 15:00 高値： 19527.02 安値： 19281.38 終値： 19483.73
時間： 2020/12/01 17:00 高値： 19546.81 安値： 19300 終値： 19515.63
時間： 2020/12/01 19:00 高値： 19570 安値： 19426.96 終値： 19565
時間： 2020/12/01 21:00 高値： 19888 安値： 18886 終値： 19425
時間： 2020/12/01 23:00 高値： 19482.01 安値： 18001.12 終値： 18759.73
時間： 2020/12/02 01:00 高値： 19489.3 安値： 18651 終値： 19263.37
時間： 2020/12/02 03:00 高値： 19325.83 安値： 18611.88 終値： 19058.4
時間： 2020/12/02 05:00 高値： 19135.19 安値： 18693.37 終値： 19069.79
時間： 2020/12/02 07:00 高値： 19211 安値： 18862 終値： 19038.39
時間： 2020/12/02 09:00 高値： 19156.72 安値： 18725 終値： 18764.96
時間： 2020/12/02 11:00 高値： 18972.12 安値： 18433 終値： 18854.01
時間： 2020/12/02 13:00 高値： 18863.73 安値： 18506.16 終値： 18618.25
時間： 2020/12/02 15:00 高値： 18700 安値： 18330 終値： 18654.41
時間： 2020/12/02 17:00 高値： 19135 安値： 18630.63 終値： 19124.48
時間： 2020/12/02 19:00 高値： 19342 安値： 18977.03 終値： 19035.99
時間： 2020/12/02 21:00 高値： 19199 安値： 18991.43 終値： 19127.31
時間： 2020/12/02 23:00 高値： 19250.7 安値： 18792.31 終値： 19124.51
時間： 2020/12/03 01:00 高値： 19175 安値： 18728.38 終値： 18891.57
時間： 2020/12/03 03:00 高値： 19015.7 安値： 18770 終値： 18976.33
時間： 2020/12/03 05:00 高値： 19139.06 安値： 18894.8 終値： 19101.1
時間： 2020/12/03 07:00 高値： 19168.91 安値： 19044.85 終値： 19145.01
時間： 2020/12/03 09:00 高値： 19260 安値： 19089.5 終値： 19204.09
時間： 2020/12/03 11:00 高値： 19299 安値： 18940 終値： 19016.91
時間： 2020/12/03 13:00 高値： 19178.87 安値： 18945 終値： 19087
時間： 2020/12/03 15:00 高値： 19124.03 安値： 18867.2 終値： 18922.83
時間： 2020/12/03 17:00 高値： 19250 安値： 18880.51 終値： 19208.11
時間： 2020/12/03 19:00 高値： 19450 安値： 19097.6 終値： 19363.99
時間： 2020/12/03 21:00 高値： 19444.4 安値： 19244.75 終値： 19396.5
時間： 2020/12/03 23:00 高値： 19425 安値： 19219.78 終値： 19281
時間： 2020/12/04 01:00 高値： 19536.2 安値： 19274 終値： 19535
時間： 2020/12/04 03:00 高値： 19598 安値： 19194.06 終値： 19299.23
時間： 2020/12/04 05:00 高値： 19422.9 安値： 19299.24 終値： 19414.29
時間： 2020/12/04 07:00 高値： 19462.24 安値： 19306.27 終値： 19438.86
時間： 2020/12/04 09:00 高値： 19540 安値： 19402 終値： 19421.9
時間： 2020/12/04 11:00 高値： 19527 安値： 19319.39 終値： 19321.42
時間： 2020/12/04 13:00 高値： 19375 安値： 19122.74 終値： 19162.62
時間： 2020/12/04 15:00 高値： 19318.83 安値： 19122.48 終値： 19200.07
時間： 2020/12/04 17:00 高値： 19367.05 安値： 19192.89 終値： 19283.94
時間： 2020/12/04 19:00 高値： 19447.14 安値： 19281.23 終値： 19354.23
時間： 2020/12/04 21:00 高値： 19360.73 安値： 18700 終値： 18833.25
時間： 2020/12/04 23:00 高値： 19029.56 安値： 18686.38 終値： 19005.34
時間： 2020/12/05 01:00 高値： 19146.22 安値： 18917.84 終値： 18943.35
時間： 2020/12/05 03:00 高値： 19029.2 安値： 18817 終値： 18968.93
時間： 2020/12/05 05:00 高値： 19078.68 安値： 18929.16 終値： 19038.73
時間： 2020/12/05 07:00 高値： 19045.34 安値： 18725.6 終値： 18806.41
時間： 2020/12/05 09:00 高値： 18875.27 安値： 18565.31 終値： 18650.52
時間： 2020/12/05 11:00 高値： 18819.83 安値： 18500 終値： 18644.89
時間： 2020/12/05 13:00 高値： 18880 安値： 18641.1 終値： 18818.85
時間： 2020/12/05 15:00 高値： 18970 安値： 18800 終値： 18954.42
時間： 2020/12/05 17:00 高値： 18990.08 安値： 18900 終値： 18911.31
時間： 2020/12/05 19:00 高値： 19177 安値： 18911.3 終値： 19110.42
時間： 2020/12/05 21:00 高値： 19137.28 安値： 18959.03 終値： 19013.43
時間： 2020/12/05 23:00 高値： 19080.01 安値： 18941.74 終値： 18983.13
時間： 2020/12/06 01:00 高値： 19150 安値： 18963.83 終値： 19110.78
時間： 2020/12/06 03:00 高値： 19149.92 安値： 19026 終値： 19125.76
時間： 2020/12/06 05:00 高値： 19172.37 安値： 19075.3 終値： 19119.19
時間： 2020/12/06 07:00 高値： 19140 安値： 18993.92 終値： 19007.04
時間： 2020/12/06 09:00 高値： 19157.52 安値： 18977.16 終値： 19147.66
時間： 2020/12/06 11:00 高値： 19342 安値： 19131.02 終値： 19261.52
時間： 2020/12/06 13:00 高値： 19288.06 安値： 19137.18 終値： 19183.39
時間： 2020/12/06 15:00 高値： 19231.08 安値： 19105 終値： 19151.97
時間： 2020/12/06 17:00 高値： 19260 安値： 19133.5 終値： 19230.99
時間： 2020/12/06 19:00 高値： 19251 安値： 18950.87 終値： 19042.22
時間： 2020/12/06 21:00 高値： 19100 安値： 18957.04 終値： 19089.16
時間： 2020/12/06 23:00 高値： 19089.16 安値： 18857 終値： 18953.07
時間： 2020/12/07 01:00 高値： 19152.38 安値： 18930.98 終値： 19125.83
時間： 2020/12/07 03:00 高値： 19213.09 安値： 19018 終値： 19128.02
時間： 2020/12/07 05:00 高値： 19174.36 安値： 19076.47 終値： 19132.62
時間： 2020/12/07 07:00 高値： 19244 安値： 19114.01 終値： 19238.08
時間： 2020/12/07 09:00 高値： 19420 安値： 19045 終値： 19359.4
時間： 2020/12/07 11:00 高値： 19420.91 安値： 19219.99 終値： 19293.08
時間： 2020/12/07 13:00 高値： 19307.49 安値： 19157.55 終値： 19282.68
時間： 2020/12/07 15:00 高値： 19306.11 安値： 19233.36 終値： 19246.26
時間： 2020/12/07 17:00 高値： 19399 安値： 19237.37 終値： 19371.3
時間： 2020/12/07 19:00 高値： 19386.15 安値： 19177.99 終値： 19213.34
時間： 2020/12/07 21:00 高値： 19254.06 安値： 19090 終値： 19103.58
時間： 2020/12/07 23:00 高値： 19253.09 安値： 19097.5 終値： 19187.67
時間： 2020/12/08 01:00 高値： 19257.03 安値： 19095.72 終値： 19213.9
時間： 2020/12/08 03:00 高値： 19241.39 安値： 19139.99 終値： 19160.01
時間： 2020/12/08 05:00 高値： 19188.16 安値： 18902.88 終値： 18967.01
時間： 2020/12/08 07:00 高値： 19115.28 安値： 18935.06 終値： 19075.41
時間： 2020/12/08 09:00 高値： 19217.64 安値： 19057.86 終値： 19166.9
時間： 2020/12/08 11:00 高値： 19235.6 安値： 19132.67 終値： 19210.62
時間： 2020/12/08 13:00 高値： 19215.34 安値： 19132.78 終値： 19154.73
時間： 2020/12/08 15:00 高値： 19293.76 安値： 19151.96 終値： 19293.76
時間： 2020/12/08 17:00 高値： 19294.84 安値： 19091 終値： 19143.1
時間： 2020/12/08 19:00 高値： 19168.88 安値： 18700 終値： 18791.77
時間： 2020/12/08 21:00 高値： 18879 安値： 18700.04 終値： 18762.96
時間： 2020/12/08 23:00 高値： 18942.3 安値： 18610 終値： 18922.84
時間： 2020/12/09 01:00 高値： 18974.83 安値： 18780 終値： 18809.91
時間： 2020/12/09 03:00 高値： 18937.81 安値： 18745.31 終値： 18927.41
時間： 2020/12/09 05:00 高値： 18930.84 安値： 18787.87 終値： 18795.74
時間： 2020/12/09 07:00 高値： 18848 安値： 18664.51 終値： 18777.86
時間： 2020/12/09 09:00 高値： 18837.45 安値： 18200 終値： 18324.11
時間： 2020/12/09 11:00 高値： 18380 安値： 18032 終値： 18215.49
時間： 2020/12/09 13:00 高値： 18350.36 安値： 18151.6 終値： 18300.01
時間： 2020/12/09 15:00 高値： 18308.39 安値： 18058 終値： 18205.5
時間： 2020/12/09 17:00 高値： 18280 安値： 17830 終値： 17924.07
時間： 2020/12/09 19:00 高値： 18108.64 安値： 17650 終値： 18036.34
時間： 2020/12/09 21:00 高値： 18379.87 安値： 17978.16 終値： 18244.95
時間： 2020/12/09 23:00 高値： 18498 安値： 18169.1 終値： 18483.5
時間： 2020/12/10 01:00 高値： 18523.99 安値： 18290.49 終値： 18349.5
時間： 2020/12/10 03:00 高値： 18435 安値： 18252.15 終値： 18304.06
時間： 2020/12/10 05:00 高値： 18352.22 安値： 18165 終値： 18260.03
時間： 2020/12/10 07:00 高値： 18550 安値： 18211.78 終値： 18519.37
時間： 2020/12/10 09:00 高値： 18639.57 安値： 18485.71 終値： 18541.28
時間： 2020/12/10 11:00 高値： 18557.32 安値： 18303.28 終値： 18431.25
時間： 2020/12/10 13:00 高値： 18500 安値： 18350 終値： 18409.77
時間： 2020/12/10 15:00 高値： 18493.28 安値： 18305.4 終値： 18372.37
時間： 2020/12/10 17:00 高値： 18435.74 安値： 18278.44 終値： 18335.91
時間： 2020/12/10 19:00 高値： 18480 安値： 18224.01 終値： 18237.52
時間： 2020/12/10 21:00 高値： 18281.01 安値： 18070 終値： 18192.49
時間： 2020/12/10 23:00 高値： 18290.63 安値： 18045.31 終値： 18233.65
時間： 2020/12/11 01:00 高値： 18252.55 安値： 17911.12 終値： 18134.08
時間： 2020/12/11 03:00 高値： 18225.31 安値： 18076.07 終値： 18213.86
時間： 2020/12/11 05:00 高値： 18403.28 安値： 18195.01 終値： 18403.1
時間： 2020/12/11 07:00 高値： 18435.74 安値： 18305.74 終値： 18349
時間： 2020/12/11 09:00 高値： 18397.77 安値： 18220 終値： 18254.63
時間： 2020/12/11 11:00 高値： 18292.73 安値： 17804 終値： 17901.45
時間： 2020/12/11 13:00 高値： 18040.81 安値： 17715.6 終値： 17990.88
時間： 2020/12/11 15:00 高値： 18048.6 安値： 17833.88 終値： 17899.44
時間： 2020/12/11 17:00 高値： 17968 安値： 17700.51 終値： 17811.95
時間： 2020/12/11 19:00 高値： 18001.15 安値： 17728.25 終値： 17802.6
時間： 2020/12/11 21:00 高値： 17874.01 安値： 17572.33 終値： 17647.71
時間： 2020/12/11 23:00 高値： 17987.98 安値： 17617 終値： 17972.01
時間： 2020/12/12 01:00 高値： 18132 安値： 17901.07 終値： 18104.74
時間： 2020/12/12 03:00 高値： 18111.55 安値： 17852 終値： 17995.53
時間： 2020/12/12 05:00 高値： 18093.95 安値： 17943.29 終値： 17977
時間： 2020/12/12 07:00 高値： 18125.18 安値： 17925.37 終値： 18100.01
時間： 2020/12/12 09:00 高値： 18184 安値： 18012.69 終値： 18036.53
時間： 2020/12/12 11:00 高値： 18375 安値： 18020.7 終値： 18283.84
時間： 2020/12/12 13:00 高値： 18350 安値： 18268.34 終値： 18282.02
時間： 2020/12/12 15:00 高値： 18398.19 安値： 18261.32 終値： 18313.36
時間： 2020/12/12 17:00 高値： 18400 安値： 18278.91 終値： 18380.85
時間： 2020/12/12 19:00 高値： 18478 安値： 18318.98 終値： 18433.47
時間： 2020/12/12 21:00 高値： 18513.66 安値： 18366.68 終値： 18506.1
時間： 2020/12/12 23:00 高値： 18525.33 安値： 18388.88 終値： 18400.21
時間： 2020/12/13 01:00 高値： 18475.63 安値： 18308.82 終値： 18399.01
時間： 2020/12/13 03:00 高値： 18527.93 安値： 18362.42 終値： 18483.17
時間： 2020/12/13 05:00 高値： 18850 安値： 18482.47 終値： 18805.29
時間： 2020/12/13 07:00 高値： 18840.4 安値： 18729.09 終値： 18787.72
時間： 2020/12/13 09:00 高値： 18948.66 安値： 18754.37 終値： 18808.69
時間： 2020/12/13 11:00 高値： 18875 安値： 18711.12 終値： 18795.31
時間： 2020/12/13 13:00 高値： 18831.36 安値： 18750.02 終値： 18784.42
時間： 2020/12/13 15:00 高値： 18938.55 安値： 18768.19 終値： 18850
時間： 2020/12/13 17:00 高値： 19306.27 安値： 18844.95 終値： 19247.68
時間： 2020/12/13 19:00 高値： 19322.24 安値： 19179.5 終値： 19263.25
時間： 2020/12/13 21:00 高値： 19370 安値： 19200 終値： 19316.81
時間： 2020/12/13 23:00 高値： 19411 安値： 19265.91 終値： 19321.13
時間： 2020/12/14 01:00 高値： 19364 安値： 19080 終値： 19211.34
時間： 2020/12/14 03:00 高値： 19385 安値： 19197.36 終値： 19273.6
時間： 2020/12/14 05:00 高値： 19273.6 安値： 19155 終値： 19193.78
時間： 2020/12/14 07:00 高値： 19225.63 安値： 19089.63 終値： 19190.01
時間： 2020/12/14 09:00 高値： 19225 安値： 18971 終値： 19174.99
時間： 2020/12/14 11:00 高値： 19174.99 安値： 19000 終値： 19085.64
時間： 2020/12/14 13:00 高値： 19347 安値： 19052.62 終値： 19260.68
時間： 2020/12/14 15:00 高値： 19282.11 安値： 19033.84 終値： 19085.53
時間： 2020/12/14 17:00 高値： 19210 安値： 19080.4 終値： 19155.8
時間： 2020/12/14 19:00 高値： 19258.96 安値： 19120 終値： 19184.61
時間： 2020/12/14 21:00 高値： 19215.19 安値： 19051.11 終値： 19106.44
時間： 2020/12/14 23:00 高値： 19199.86 安値： 19028.97 終値： 19184.19
時間： 2020/12/15 01:00 高値： 19300 安値： 19088.88 終値： 19200.07
時間： 2020/12/15 03:00 高値： 19237.79 安値： 19113.08 終値： 19143.09
時間： 2020/12/15 05:00 高値： 19236.76 安値： 19143.38 終値： 19175.88
時間： 2020/12/15 07:00 高値： 19220.85 安値： 19130.85 終値： 19197.83
時間： 2020/12/15 09:00 高値： 19349 安値： 19188.76 終値： 19273.14
時間： 2020/12/15 11:00 高値： 19470 安値： 19243.64 終値： 19455.06
時間： 2020/12/15 13:00 高値： 19570 安値： 19416.35 終値： 19479.7
時間： 2020/12/15 15:00 高値： 19497.36 安値： 19050 終値： 19132.4
時間： 2020/12/15 17:00 高値： 19226.95 安値： 19101 終値： 19197.6
時間： 2020/12/15 19:00 高値： 19219.96 安値： 19074 終値： 19187.51
時間： 2020/12/15 21:00 高値： 19350 安値： 19117.9 終値： 19293.54
時間： 2020/12/15 23:00 高値： 19383.98 安値： 19256.33 終値： 19349
時間： 2020/12/16 01:00 高値： 19433 安値： 19256.27 終値： 19403.31
時間： 2020/12/16 03:00 高値： 19425.87 安値： 19328.06 終値： 19399.53
時間： 2020/12/16 05:00 高値： 19545 安値： 19390 終値： 19530.38
時間： 2020/12/16 07:00 高値： 19547 安値： 19276 終値： 19419.92
時間： 2020/12/16 09:00 高値： 19489.09 安値： 19345.51 終値： 19426.43
時間： 2020/12/16 11:00 高値： 19454.97 安値： 19278.6 終値： 19389.37
時間： 2020/12/16 13:00 高値： 19488.02 安値： 19325 終値： 19346.52
時間： 2020/12/16 15:00 高値： 19421.8 安値： 19300.3 終値： 19373.81
時間： 2020/12/16 17:00 高値： 19454.93 安値： 19341.4 終値： 19423.96
時間： 2020/12/16 19:00 高値： 19525 安値： 19370.62 終値： 19516.69
時間： 2020/12/16 21:00 高値： 19860 安値： 19498.01 終値： 19739.78
過去17足の最高値19570USDを、直近の価格が19739.78USDでブレイクしました
現在の8期間の平均ボラティリティは162USDです
現在のアカウント残高は510.0USDです
許容リスクから購入できる枚数は最大0.3935lotまでです
10回に分けて0.0393518lotずつ注文します
証拠金から購入できる枚数は最大2.5836154lotまでです
枚数は最大0.0393518lotに決定しました
現在の8期間の平均ボラティリティは162USDです
ボラティリティ比閾値0.1に対し現在の比は0.0082068でした
閾値を下回ったので判定ONです
19739.78USDで0.0393518lotの買い注文を出します
現在レート 19739.78 なので 0.039352 [lot] は 777 [USD] です
19091.78USDにストップを入れます
時間： 2020/12/16 23:00 高値： 20450 安値： 19680 終値： 20319.51
過去17足の最高値19860USDを、直近の価格が20319.51USDでブレイクしました
前回のエントリー価格19739.78USDからブレイクアウトの方向に2ATR（324USD）以上動きました
2/10回目の追加注文を出します
証拠金から購入できる枚数は最大2.470532lotまでです
枚数は最大0.0393518lotに決定しました
現在のポジションに追加して、20340USDで0.0393518lotの買い注文を出します
現在レート 20319.51 なので 0.039352 [lot] は 800 [USD] です
19392USDの位置にストップを更新します
現在のポジションの取得単価は20040USDです
現在のポジションサイズは0.0787036lotです
時間： 2020/12/17 01:00 高値： 20799 安値： 20206.16 終値： 20661.37
過去17足の最高値20450USDを、直近の価格が20661.37USDでブレイクしました
時間： 2020/12/17 03:00 高値： 20865.43 安値： 20573.82 終値： 20639.82
時間： 2020/12/17 05:00 高値： 20766.39 安値： 20550 終値： 20736.87
前回のエントリー価格20340USDからブレイクアウトの方向に2ATR（324USD）以上動きました
3/10回目の追加注文を出します
証拠金から購入できる枚数は最大2.3822303lotまでです
枚数は最大0.0393518lotに決定しました
現在のポジションに追加して、20758USDで0.0393518lotの買い注文を出します
現在レート 20736.87 なので 0.039352 [lot] は 816 [USD] です
19631USDの位置にストップを更新します
現在のポジションの取得単価は20279USDです
現在のポジションサイズは0.1180554lotです
時間： 2020/12/17 07:00 高値： 21288 安値： 20711 終値： 21192.78
過去17足の最高値20865.43USDを、直近の価格が21192.78USDでブレイクしました
前回のエントリー価格20758USDからブレイクアウトの方向に2ATR（324USD）以上動きました
4/10回目の追加注文を出します
証拠金から購入できる枚数は最大2.2932338lotまでです
枚数は最大0.0393518lotに決定しました
現在のポジションに追加して、21214USDで0.0393518lotの買い注文を出します
現在レート 21192.78 なので 0.039352 [lot] は 834 [USD] です
19865USDの位置にストップを更新します
現在のポジションの取得単価は20513USDです
現在のポジションサイズは0.1574072lotです
時間： 2020/12/17 09:00 高値： 21560 安値： 21172.79 終値： 21335.52
過去17足の最高値21288USDを、直近の価格が21335.52USDでブレイクしました
時間： 2020/12/17 11:00 高値： 21860.05 安値： 21230 終値： 21719.22
過去17足の最高値21560USDを、直近の価格が21719.22USDでブレイクしました
前回のエントリー価格21214USDからブレイクアウトの方向に2ATR（324USD）以上動きました
5/10回目の追加注文を出します
証拠金から購入できる枚数は最大2.2008157lotまでです
枚数は最大0.0393518lotに決定しました
現在のポジションに追加して、21741USDで0.0393518lotの買い注文を出します
現在レート 21719.22 なので 0.039352 [lot] は 855 [USD] です
20111USDの位置にストップを更新します
現在のポジションの取得単価は20759USDです
現在のポジションサイズは0.196759lotです
時間： 2020/12/17 13:00 高値： 22166 安値： 21642.13 終値： 21753.26
時間： 2020/12/17 15:00 高値： 22311.38 安値： 21735.09 終値： 22280
過去17足の最高値22166USDを、直近の価格が22280USDでブレイクしました
前回のエントリー価格21741USDからブレイクアウトの方向に2ATR（324USD）以上動きました
6/10回目の追加注文を出します
証拠金から購入できる枚数は最大2.1050269lotまでです
枚数は最大0.0393518lotに決定しました
現在のポジションに追加して、22302USDで0.0393518lotの買い注文を出します
現在レート 22280 なので 0.039352 [lot] は 877 [USD] です
20368USDの位置にストップを更新します
現在のポジションの取得単価は21016USDです
現在のポジションサイズは0.2361108lotです
時間： 2020/12/17 17:00 高値： 22488 安値： 22053 終値： 22478.76
過去17足の最高値22311.38USDを、直近の価格が22478.76USDでブレイクしました
時間： 2020/12/17 19:00 高値： 23800 安値： 21801 終値： 22650
過去17足の最高値22488USDを、直近の価格が22650USDでブレイクしました
前回のエントリー価格22302USDからブレイクアウトの方向に2ATR（324USD）以上動きました
7/10回目の追加注文を出します
証拠金から購入できる枚数は最大2.0309051lotまでです
枚数は最大0.0393518lotに決定しました
現在のポジションに追加して、22673USDで0.0393518lotの買い注文を出します
現在レート 22650 なので 0.039352 [lot] は 891 [USD] です
20605USDの位置にストップを更新します
現在のポジションの取得単価は21253USDです
現在のポジションサイズは0.2754626lotです
時間： 2020/12/17 21:00 高値： 22934 安値： 22380.79 終値： 22752.16
時間： 2020/12/17 23:00 高値： 23348 安値： 22600 終値： 22831.84
時間： 2020/12/18 01:00 高値： 23369 安値： 22715.38 終値： 23333.8
前回のエントリー価格22673USDからブレイクアウトの方向に2ATR（324USD）以上動きました
8/10回目の追加注文を出します
証拠金から購入できる枚数は最大1.9328185lotまでです
枚数は最大0.0393518lotに決定しました
現在のポジションに追加して、23357USDで0.0393518lotの買い注文を出します
現在レート 23333.8 なので 0.039352 [lot] は 918 [USD] です
20868USDの位置にストップを更新します
現在のポジションの取得単価は21516USDです
現在のポジションサイズは0.3148144lotです
時間： 2020/12/18 03:00 高値： 23699.7 安値： 23000 終値： 23023.98
時間： 2020/12/18 05:00 高値： 23497 安値： 22500 終値： 22899.08
時間： 2020/12/18 07:00 高値： 23106.34 安値： 22311.1 終値： 22791.96
時間： 2020/12/18 09:00 高値： 23080 安値： 22570.59 終値： 22797.16
時間： 2020/12/18 11:00 高値： 23146.95 安値： 22470.35 終値： 22988.21
時間： 2020/12/18 13:00 高値： 23248.99 安値： 22762.05 終値： 22811.59
時間： 2020/12/18 15:00 高値： 23028.13 安値： 22772.05 終値： 22955.51
時間： 2020/12/18 17:00 高値： 23168.59 安値： 22838.19 終値： 23055.98
時間： 2020/12/18 19:00 高値： 23285.18 安値： 22938.87 終値： 23212.82
時間： 2020/12/18 21:00 高値： 23220 安値： 22691.61 終値： 22886.17
時間： 2020/12/18 23:00 高値： 23073.25 安値： 22548.99 終値： 22571.78
時間： 2020/12/19 01:00 高値： 22758.44 安値： 22350 終値： 22549
時間： 2020/12/19 03:00 高値： 22818 安値： 22463.59 終値： 22749.32
時間： 2020/12/19 05:00 高値： 22829.04 安値： 22626.81 終値： 22762.28
時間： 2020/12/19 07:00 高値： 23078.47 安値： 22650.29 終値： 22880.07
時間： 2020/12/19 09:00 高値： 23143.56 安値： 22800 終値： 23107.39
時間： 2020/12/19 11:00 高値： 23168.28 安値： 22902.1 終値： 23046.76
時間： 2020/12/19 13:00 高値： 23225 安値： 23034.75 終値： 23098.04
時間： 2020/12/19 15:00 高値： 23138 安値： 22924.79 終値： 22958
時間： 2020/12/19 17:00 高値： 23038 安値： 22821 終値： 22853.75
時間： 2020/12/19 19:00 高値： 23045.49 安値： 22750 終値： 22973.06
時間： 2020/12/19 21:00 高値： 23080.45 安値： 22875.01 終値： 22888.54
時間： 2020/12/19 23:00 高値： 23189.1 安値： 22886.79 終値： 23172.74
時間： 2020/12/20 01:00 高値： 23650 安値： 23052 終値： 23552.01
過去17足の最高値23285.18USDを、直近の価格が23552.01USDでブレイクしました
時間： 2020/12/20 03:00 高値： 24171.47 安値： 23456.55 終値： 23886.44
過去17足の最高値23650USDを、直近の価格が23886.44USDでブレイクしました
前回のエントリー価格23357USDからブレイクアウトの方向に2ATR（324USD）以上動きました
9/10回目の追加注文を出します
証拠金から購入できる枚数は最大1.8504222lotまでです
枚数は最大0.0393518lotに決定しました
現在のポジションに追加して、23910USDで0.0393518lotの買い注文を出します
現在レート 23886.44 なので 0.039352 [lot] は 940 [USD] です
21134USDの位置にストップを更新します
現在のポジションの取得単価は21782USDです
現在のポジションサイズは0.3541662lotです
時間： 2020/12/20 05:00 高値： 23906.66 安値： 23556.76 終値： 23791.91
時間： 2020/12/20 07:00 高値： 24065.41 安値： 23780.21 終値： 23974.71
時間： 2020/12/20 09:00 高値： 23999 安値： 23719.25 終値： 23821.61
時間： 2020/12/20 11:00 高値： 23836.48 安値： 23230 終値： 23485.56
時間： 2020/12/20 13:00 高値： 23542.99 安値： 23180.88 終値： 23346.48
時間： 2020/12/20 15:00 高値： 23588.88 安値： 23060 終値： 23481.38
時間： 2020/12/20 17:00 高値： 23646.31 安値： 23410.62 終値： 23628.88
時間： 2020/12/20 19:00 高値： 23791 安値： 23503 終値： 23592.92
時間： 2020/12/20 21:00 高値： 23648.92 安値： 23358.78 終値： 23553.02
時間： 2020/12/20 23:00 高値： 23590.9 安値： 23296 終値： 23561.36
時間： 2020/12/21 01:00 高値： 23910 安値： 23500.19 終値： 23868.09
時間： 2020/12/21 03:00 高値： 23901.01 安値： 23625.41 終値： 23722.62
時間： 2020/12/21 05:00 高値： 23995.97 安値： 23655.26 終値： 23930
時間： 2020/12/21 07:00 高値： 24295 安値： 23350 終値： 23373.05
時間： 2020/12/21 09:00 高値： 23614.36 安値： 23090 終値： 23455.52
時間： 2020/12/21 11:00 高値： 23744.86 安値： 23287.94 終値： 23663.48
時間： 2020/12/21 13:00 高値： 24016.93 安値： 23652.48 終値： 23945.29
時間： 2020/12/21 15:00 高値： 24102.77 安値： 23790 終値： 23909.83
時間： 2020/12/21 17:00 高値： 24028.15 安値： 23700 終値： 23980
時間： 2020/12/21 19:00 高値： 24075.94 安値： 23328 終値： 23461.35
時間： 2020/12/21 21:00 高値： 23495.91 安値： 22350 終値： 22645.85
過去30足の最安値22750USDを、直近の価格が22645.85USDでブレイクしました
22645.85USDあたりで成行注文を出してポジションを決済します
スリッページ・手数料として 8USDを考慮します
298USDの利益です
時間： 2020/12/21 23:00 高値： 22774 安値： 21815 終値： 22681.32
時間： 2020/12/22 05:00 高値： 22988.6 安値： 22621.44 終値： 22816.62
時間： 2020/12/22 07:00 高値： 23162.26 安値： 22732.78 終値： 23127.37
時間： 2020/12/22 09:00 高値： 23254.33 安値： 22699.99 終値： 22719.71
時間： 2020/12/22 11:00 高値： 22926.14 安値： 22428.86 終値： 22753.99
時間： 2020/12/22 13:00 高値： 22970 安値： 22730 終値： 22851.2
時間： 2020/12/22 15:00 高値： 23076.77 安値： 22610.19 終値： 22681.51
時間： 2020/12/22 17:00 高値： 22870.02 安値： 22500 終値： 22655.83
時間： 2020/12/22 19:00 高値： 22822.83 安値： 22353.4 終値： 22783.85
時間： 2020/12/22 21:00 高値： 23155 安値： 22602.12 終値： 23119.48
時間： 2020/12/22 23:00 高値： 23536.96 安値： 23062.01 終値： 23487.2
時間： 2020/12/23 01:00 高値： 23628.89 安値： 23300.42 終値： 23342.58
時間： 2020/12/23 03:00 高値： 23456 安値： 23224.4 終値： 23342.54
時間： 2020/12/23 05:00 高値： 23520 安値： 23325.95 終値： 23404.27
時間： 2020/12/23 07:00 高値： 23530 安値： 23277.72 終値： 23435.13
時間： 2020/12/23 09:00 高値： 23837.1 安値： 23344.92 終値： 23810.79
時間： 2020/12/23 11:00 高値： 24050 安値： 23654.72 終値： 23709.59
時間： 2020/12/23 13:00 高値： 23778.63 安値： 23551.86 終値： 23706.72
時間： 2020/12/23 15:00 高値： 23711.17 安値： 23350 終値： 23533.01
時間： 2020/12/23 17:00 高値： 23636.33 安値： 23319.11 終値： 23555.73
時間： 2020/12/23 19:00 高値： 23680 安値： 23422.4 終値： 23635.87
時間： 2020/12/23 21:00 高値： 23735.51 安値： 22810 終値： 23064.01
時間： 2020/12/23 23:00 高値： 24100 安値： 22931 終値： 23617.34
時間： 2020/12/24 01:00 高値： 23895.85 安値： 23336 終値： 23449.66
時間： 2020/12/24 03:00 高値： 23651.82 安値： 23350 終値： 23589.39
時間： 2020/12/24 05:00 高値： 23678.49 安値： 23500 終値： 23556.91
時間： 2020/12/24 07:00 高値： 23625 安値： 23153.79 終値： 23315.39
時間： 2020/12/24 09:00 高値： 23470.05 安値： 22600 終値： 23232.76
時間： 2020/12/24 11:00 高値： 23242.04 安値： 22800 終値： 23202.71
時間： 2020/12/24 13:00 高値： 23229.98 安値： 22703.42 終値： 22894.28
時間： 2020/12/24 15:00 高値： 23136.48 安値： 22786.67 終値： 23049.98
時間： 2020/12/24 17:00 高値： 23219.38 安値： 22823.99 終値： 23173.38
時間： 2020/12/24 19:00 高値： 23479.26 安値： 23070 終値： 23348.3
時間： 2020/12/24 21:00 高値： 23357 安値： 23049.95 終値： 23218.68
時間： 2020/12/24 23:00 高値： 23391.02 安値： 23012.29 終値： 23379.65
時間： 2020/12/25 01:00 高値： 23425.95 安値： 23100 終値： 23232.12
時間： 2020/12/25 03:00 高値： 23460.97 安値： 23108.01 終値： 23377.27
時間： 2020/12/25 05:00 高値： 23419.57 安値： 23250.18 終値： 23287.15
時間： 2020/12/25 07:00 高値： 23563.54 安値： 23258.35 終値： 23413.51
時間： 2020/12/25 09:00 高値： 23794.43 安値： 23385.98 終値： 23729.2
時間： 2020/12/25 11:00 高値： 23827.54 安値： 23532.54 終値： 23597.21
時間： 2020/12/25 13:00 高値： 23597.2 安値： 23433.6 終値： 23481.21
時間： 2020/12/25 15:00 高値： 23649 安値： 23451.79 終値： 23599.22
時間： 2020/12/25 17:00 高値： 23681.19 安値： 23510.72 終値： 23649.82
時間： 2020/12/25 19:00 高値： 23982.82 安値： 23600 終値： 23934.52
過去17足の最高値23827.54USDを、直近の価格が23934.52USDでブレイクしました
現在の8期間の平均ボラティリティは258USDです
現在のアカウント残高は808.0USDです
許容リスクから購入できる枚数は最大0.3915lotまでです
10回に分けて0.0391473lotずつ注文します
証拠金から購入できる枚数は最大3.3758772lotまでです
枚数は最大0.0391473lotに決定しました
現在の8期間の平均ボラティリティは258USDです
ボラティリティ比閾値0.1に対し現在の比は0.0107794でした
閾値を下回ったので判定ONです
23934.52USDで0.0391473lotの買い注文を出します
現在レート 23934.52 なので 0.039147 [lot] は 937 [USD] です
22902.52USDにストップを入れます
時間： 2020/12/25 21:00 高値： 24681 安値： 23766.66 終値： 24574.4
過去17足の最高値23982.82USDを、直近の価格が24574.4USDでブレイクしました
前回のエントリー価格23934.52USDからブレイクアウトの方向に2ATR（516USD）以上動きました
2/10回目の追加注文を出します
証拠金から購入できる枚数は最大3.251351lotまでです
枚数は最大0.0391473lotに決定しました
現在のポジションに追加して、24599USDで0.0391473lotの買い注文を出します
現在レート 24574.4 なので 0.039147 [lot] は 962 [USD] です
23235USDの位置にストップを更新します
現在のポジションの取得単価は24267USDです
現在のポジションサイズは0.0782946lotです
時間： 2020/12/25 23:00 高値： 24642.34 安値： 24330 終値： 24500
時間： 2020/12/26 01:00 高値： 24520 安値： 23785.5 終値： 24025.13
時間： 2020/12/26 03:00 高値： 24298.82 安値： 23987.16 終値： 24185.62
時間： 2020/12/26 05:00 高値： 24520 安値： 24136.84 終値： 24449.66
時間： 2020/12/26 07:00 高値： 24490.28 安値： 24198.6 終値： 24419.39
時間： 2020/12/26 09:00 高値： 24789.86 安値： 24368.47 終値： 24712.47
過去17足の最高値24681USDを、直近の価格が24712.47USDでブレイクしました
時間： 2020/12/26 11:00 高値： 24932.16 安値： 24500 終値： 24907.78
過去17足の最高値24789.86USDを、直近の価格が24907.78USDでブレイクしました
時間： 2020/12/26 13:00 高値： 25039.96 安値： 24750 終値： 24909.79
時間： 2020/12/26 15:00 高値： 24920 安値： 24661.3 終値： 24708.87
時間： 2020/12/26 17:00 高値： 24933 安値： 24652.54 終値： 24784.48
時間： 2020/12/26 19:00 高値： 25000 安値： 24725 終値： 24859.36
時間： 2020/12/26 21:00 高値： 24899.1 安値： 24562.5 終値： 24834.36
時間： 2020/12/26 23:00 高値： 24987.34 安値： 24734.94 終値： 24942.42
時間： 2020/12/27 01:00 高値： 25673.52 安値： 24882.55 終値： 25629.99
過去17足の最高値25039.96USDを、直近の価格が25629.99USDでブレイクしました
前回のエントリー価格24599USDからブレイクアウトの方向に2ATR（516USD）以上動きました
3/10回目の追加注文を出します
証拠金から購入できる枚数は最大3.0784249lotまでです
枚数は最大0.0391473lotに決定しました
現在のポジションに追加して、25656USDで0.0391473lotの買い注文を出します
現在レート 25629.99 なので 0.039147 [lot] は 1003 [USD] です
23698USDの位置にストップを更新します
現在のポジションの取得単価は24730USDです
現在のポジションサイズは0.1174419lotです
時間： 2020/12/27 03:00 高値： 26000 安値： 25575 終値： 25789.84
過去17足の最高値25673.52USDを、直近の価格が25789.84USDでブレイクしました
時間： 2020/12/27 05:00 高値： 25932.25 安値： 25580.58 終値： 25931.02
時間： 2020/12/27 07:00 高値： 26867.03 安値： 25810.56 終値： 26702.19
過去17足の最高値26000USDを、直近の価格が26702.19USDでブレイクしました
前回のエントリー価格25656USDからブレイクアウトの方向に2ATR（516USD）以上動きました
4/10回目の追加注文を出します
証拠金から購入できる枚数は最大2.9173637lotまでです
枚数は最大0.0391473lotに決定しました
現在のポジションに追加して、26729USDで0.0391473lotの買い注文を出します
現在レート 26702.19 なので 0.039147 [lot] は 1045 [USD] です
24198USDの位置にストップを更新します
現在のポジションの取得単価は25230USDです
現在のポジションサイズは0.1565892lotです
時間： 2020/12/27 09:00 高値： 26799.8 安値： 25842 終値： 26493.39
時間： 2020/12/27 11:00 高値： 26963.46 安値： 26488.41 終値： 26619.73
時間： 2020/12/27 13:00 高値： 26859.5 安値： 26427.16 終値： 26568.08
時間： 2020/12/27 15:00 高値： 26939.98 安値： 26567.81 終値： 26889.94
時間： 2020/12/27 17:00 高値： 27777.82 安値： 26886.47 終値： 27639.38
過去17足の最高値26963.46USDを、直近の価格が27639.38USDでブレイクしました
前回のエントリー価格26729USDからブレイクアウトの方向に2ATR（516USD）以上動きました
5/10回目の追加注文を出します
証拠金から購入できる枚数は最大2.7786441lotまでです
枚数は最大0.0391473lotに決定しました
現在のポジションに追加して、27667USDで0.0391473lotの買い注文を出します
現在レート 27639.38 なので 0.039147 [lot] は 1082 [USD] です
24685USDの位置にストップを更新します
現在のポジションの取得単価は25717USDです
現在のポジションサイズは0.1957365lotです
時間： 2020/12/27 19:00 高値： 27935.4 安値： 27200.02 終値： 27818.18
過去17足の最高値27777.82USDを、直近の価格が27818.18USDでブレイクしました
時間： 2020/12/27 21:00 高値： 28422 安値： 26566 終値： 27646.48
時間： 2020/12/27 23:00 高値： 27648.75 安値： 26600 終値： 27519.48
時間： 2020/12/28 01:00 高値： 27777 安値： 27000 終値： 27359.62
時間： 2020/12/28 03:00 高値： 27490 安値： 26600 終値： 26801.35
時間： 2020/12/28 05:00 高値： 27296.28 安値： 26600 終値： 27081.67
時間： 2020/12/28 07:00 高値： 27095.18 安値： 25700 終値： 26400.97
時間： 2020/12/28 09:00 高値： 26713.96 安値： 26219 終値： 26281.66
時間： 2020/12/28 11:00 高値： 27356.3 安値： 26101 終値： 27062
時間： 2020/12/28 13:00 高値： 27290 安値： 26910.27 終値： 27275.65
時間： 2020/12/28 15:00 高値： 27332 安値： 26798.94 終値： 26942.62
時間： 2020/12/28 17:00 高値： 27200 安値： 26830 終値： 27001.31
時間： 2020/12/28 19:00 高値： 27080 安値： 26705.41 終値： 26835.83
時間： 2020/12/28 21:00 高値： 26922.28 安値： 26557.73 終値： 26859.07
時間： 2020/12/28 23:00 高値： 27500 安値： 26711.57 終値： 27249.22
時間： 2020/12/29 01:00 高値： 27355 安値： 26830.16 終値： 26916.32
時間： 2020/12/29 03:00 高値： 27236.71 安値： 26743 終値： 27140.96
時間： 2020/12/29 05:00 高値： 27228.53 安値： 26898 終値： 26996.74
時間： 2020/12/29 07:00 高値： 27098.38 安値： 26620.4 終値： 26627.3
時間： 2020/12/29 09:00 高値： 27163.77 安値： 26415.09 終値： 27079.41
時間： 2020/12/29 11:00 高値： 27116.78 安値： 26636.92 終値： 26830.53
時間： 2020/12/29 13:00 高値： 26949.07 安値： 26433.78 終値： 26444.6
時間： 2020/12/29 15:00 高値： 26583.65 安値： 25880 終値： 26452.18
時間： 2020/12/29 17:00 高値： 26533.3 安値： 26145.46 終値： 26435.63
時間： 2020/12/29 19:00 高値： 26765.35 安値： 26434.49 終値： 26590.6
時間： 2020/12/29 21:00 高値： 26900 安値： 26565.13 終値： 26876.4
時間： 2020/12/29 23:00 高値： 27100 安値： 26730 終値： 26880
時間： 2020/12/30 01:00 高値： 26902.22 安値： 26433 終値： 26614.97
時間： 2020/12/30 03:00 高値： 26628.98 安値： 26204.99 終値： 26621.46
時間： 2020/12/30 05:00 高値： 26943.89 安値： 26505.94 終値： 26931.62
時間： 2020/12/30 07:00 高値： 27200.87 安値： 26743.42 終値： 26913.12
時間： 2020/12/30 09:00 高値： 27410 安値： 26893.78 終値： 27385
時間： 2020/12/30 11:00 高値： 27837.71 安値： 27374.87 終値： 27615.85
過去17足の最高値27410USDを、直近の価格が27615.85USDでブレイクしました
時間： 2020/12/30 13:00 高値： 28239 安値： 27498.92 終値： 28065.54
過去17足の最高値27837.71USDを、直近の価格が28065.54USDでブレイクしました
時間： 2020/12/30 15:00 高値： 28205.37 安値： 27722.22 終値： 28016.74
時間： 2020/12/30 17:00 高値： 28598.74 安値： 27933 終値： 28386.62
過去17足の最高値28239USDを、直近の価格が28386.62USDでブレイクしました
前回のエントリー価格27667USDからブレイクアウトの方向に2ATR（516USD）以上動きました
6/10回目の追加注文を出します
証拠金から購入できる枚数は最大2.6702721lotまでです
枚数は最大0.0391473lotに決定しました
現在のポジションに追加して、28415USDで0.0391473lotの買い注文を出します
現在レート 28386.62 なので 0.039147 [lot] は 1111 [USD] です
25135USDの位置にストップを更新します
現在のポジションの取得単価は26167USDです
現在のポジションサイズは0.2348838lotです
時間： 2020/12/30 19:00 高値： 28579.92 安値： 27320 終値： 27855.91
時間： 2020/12/30 21:00 高値： 28063.97 安値： 27595.43 終値： 27838.82
時間： 2020/12/30 23:00 高値： 28167.21 安値： 27577 終値： 27869.61
時間： 2020/12/31 01:00 高値： 28291.82 安値： 27871.05 終値： 28153.76
時間： 2020/12/31 03:00 高値： 28309.88 安値： 27887 終値： 28239.69
時間： 2020/12/31 05:00 高値： 28900.05 安値： 28239.68 終値： 28776.46
過去17足の最高値28598.74USDを、直近の価格が28776.46USDでブレイクしました
時間： 2020/12/31 07:00 高値： 28996 安値： 28534.7 終値： 28875.21
時間： 2020/12/31 09:00 高値： 28911.52 安値： 28571.84 終値： 28875.54
時間： 2020/12/31 11:00 高値： 29300 安値： 28120.67 終値： 28743.57
時間： 2020/12/31 13:00 高値： 29147.75 安値： 28600.38 終値： 29024
前回のエントリー価格28415USDからブレイクアウトの方向に2ATR（516USD）以上動きました
7/10回目の追加注文を出します
証拠金から購入できる枚数は最大2.5737321lotまでです
枚数は最大0.0391473lotに決定しました
現在のポジションに追加して、29053USDで0.0391473lotの買い注文を出します
現在レート 29024 なので 0.039147 [lot] は 1136 [USD] です
25547USDの位置にストップを更新します
現在のポジションの取得単価は26579USDです
現在のポジションサイズは0.2740311lotです
時間： 2020/12/31 15:00 高値： 29185 安値： 28738.1 終値： 28972.2
時間： 2020/12/31 17:00 高値： 29285 安値： 28849.5 終値： 29155.25
時間： 2020/12/31 19:00 高値： 29210.83 安値： 28580 終値： 28989.99
時間： 2020/12/31 21:00 高値： 29168.37 安値： 28888.43 終値： 28910.3
時間： 2020/12/31 23:00 高値： 28989.03 安値： 27850 終値： 28519
時間： 2021/01/01 01:00 高値： 28840.26 安値： 28111.25 終値： 28770
時間： 2021/01/01 03:00 高値： 28822.59 安値： 28311 終値： 28571.97
時間： 2021/01/01 05:00 高値： 29000 安値： 28424.56 終値： 28897.83
時間： 2021/01/01 07:00 高値： 29169.55 安値： 28862 終値： 28966.36
時間： 2021/01/01 09:00 高値： 29143.73 安値： 28780 終値： 28923.63
時間： 2021/01/01 11:00 高値： 29470 安値： 28690.17 終値： 29409.99
過去17足の最高値29300USDを、直近の価格が29409.99USDでブレイクしました
時間： 2021/01/01 13:00 高値： 29465.26 安値： 29120.03 終値： 29278.4
時間： 2021/01/01 15:00 高値： 29395 安値： 29029.4 終値： 29187.01
時間： 2021/01/01 17:00 高値： 29270 安値： 28806.54 終値： 29092.83
時間： 2021/01/01 19:00 高値： 29307.73 安値： 28872.24 終値： 29202.21
時間： 2021/01/01 21:00 高値： 29402.57 安値： 29152.88 終値： 29313.49
時間： 2021/01/01 23:00 高値： 29600 安値： 29150 終値： 29464.79
時間： 2021/01/02 01:00 高値： 29530 安値： 29030.14 終値： 29188.67
時間： 2021/01/02 03:00 高値： 29360 安値： 28937 終値： 29079.64
時間： 2021/01/02 05:00 高値： 29259.98 安値： 28624.57 終値： 29029.04
時間： 2021/01/02 07:00 高値： 29289.82 安値： 28880.37 終値： 29160.39
時間： 2021/01/02 09:00 高値： 29338.89 安値： 29104.57 終値： 29331.69
時間： 2021/01/02 11:00 高値： 29400 安値： 28946.53 終値： 29359.47
時間： 2021/01/02 13:00 高値： 29469 安値： 29256.85 終値： 29351.95
時間： 2021/01/02 15:00 高値： 29590 安値： 29220 終値： 29589.99
前回のエントリー価格29053USDからブレイクアウトの方向に2ATR（516USD）以上動きました
8/10回目の追加注文を出します
証拠金から購入できる枚数は最大2.4839481lotまでです
枚数は最大0.0391473lotに決定しました
現在のポジションに追加して、29620USDで0.0391473lotの買い注文を出します
現在レート 29589.99 なので 0.039147 [lot] は 1158 [USD] です
25927USDの位置にストップを更新します
現在のポジションの取得単価は26959USDです
現在のポジションサイズは0.3131784lotです
時間： 2021/01/02 17:00 高値： 29820.5 安値： 29450 終値： 29750
過去17足の最高値29600USDを、直近の価格が29750USDでブレイクしました
時間： 2021/01/02 19:00 高値： 29899 安値： 29578.05 終値： 29612.87
時間： 2021/01/02 21:00 高値： 29829 安値： 29473.91 終値： 29755
時間： 2021/01/02 23:00 高値： 31561.87 安値： 29741.39 終値： 31541.17
過去17足の最高値29899USDを、直近の価格が31541.17USDでブレイクしました
前回のエントリー価格29620USDからブレイクアウトの方向に2ATR（516USD）以上動きました
9/10回目の追加注文を出します
証拠金から購入できる枚数は最大2.2954126lotまでです
枚数は最大0.0391473lotに決定しました
現在のポジションに追加して、31573USDで0.0391473lotの買い注文を出します
現在レート 31541.17 なので 0.039147 [lot] は 1235 [USD] です
26440USDの位置にストップを更新します
現在のポジションの取得単価は27472USDです
現在のポジションサイズは0.3523257lotです
時間： 2021/01/03 01:00 高値： 31800 安値： 31065 終値： 31691.29
過去17足の最高値31561.87USDを、直近の価格が31691.29USDでブレイクしました
時間： 2021/01/03 03:00 高値： 33000 安値： 31616.42 終値： 32856.96
過去17足の最高値31800USDを、直近の価格が32856.96USDでブレイクしました
前回のエントリー価格31573USDからブレイクアウトの方向に2ATR（516USD）以上動きました
10/10回目の追加注文を出します
証拠金から購入できる枚数は最大2.1639251lotまでです
枚数は最大0.0391473lotに決定しました
現在のポジションに追加して、32890USDで0.0391473lotの買い注文を出します
現在レート 32856.96 なので 0.039147 [lot] は 1286 [USD] です
26982USDの位置にストップを更新します
現在のポジションの取得単価は28014USDです
現在のポジションサイズは0.391473lotです
時間： 2021/01/03 05:00 高値： 33300 安値： 32421 終値： 33027.2
トレイリングストップの発動：ストップ位置を27108USDに動かして、加速係数を0.04に更新します
過去17足の最高値33000USDを、直近の価格が33027.2USDでブレイクしました
時間： 2021/01/03 07:00 高値： 33061.37 安値： 30300 終値： 31694.59
時間： 2021/01/03 09:00 高値： 32311.92 安値： 31424.96 終値： 32178.33
時間： 2021/01/03 11:00 高値： 32790.07 安値： 31962.99 終値： 32585.09
時間： 2021/01/03 13:00 高値： 32884.09 安値： 32404 終値： 32573.87
時間： 2021/01/03 15:00 高値： 34180 安値： 32450 終値： 33758.67
トレイリングストップの発動：ストップ位置を27391USDに動かして、加速係数を0.06に更新します
過去17足の最高値33300USDを、直近の価格が33758.67USDでブレイクしました
時間： 2021/01/03 17:00 高値： 34778.11 安値： 33651.12 終値： 34452.34
トレイリングストップの発動：ストップ位置を27834USDに動かして、加速係数を0.08に更新します
過去17足の最高値34180USDを、直近の価格が34452.34USDでブレイクしました
時間： 2021/01/03 19:00 高値： 34670.41 安値： 33757.29 終値： 34190.55
時間： 2021/01/03 21:00 高値： 34450 安値： 33403 終値： 34413.53
時間： 2021/01/03 23:00 高値： 34600 安値： 33800 終値： 33880
時間： 2021/01/04 01:00 高値： 34150 安値： 32727 終値： 33506.62
時間： 2021/01/04 03:00 高値： 33822.69 安値： 32454.73 終値： 32909.27
時間： 2021/01/04 05:00 高値： 33031.57 安値： 32267 終値： 32772.21
時間： 2021/01/04 07:00 高値： 33861.92 安値： 32727.1 終値： 33558.34
時間： 2021/01/04 09:00 高値： 33661.1 安値： 32600 終値： 33000.05
時間： 2021/01/04 11:00 高値： 33327 安値： 32400.25 終値： 33191.04
時間： 2021/01/04 13:00 高値： 33588 安値： 32958.38 終値： 33505.16
時間： 2021/01/04 15:00 高値： 33600 安値： 32802.25 終値： 32813.01
時間： 2021/01/04 17:00 高値： 33408 安値： 31505 終値： 32068.84
時間： 2021/01/04 19:00 高値： 32567.88 安値： 30248.85 終値： 31038.63
時間： 2021/01/04 21:00 高値： 31227.33 安値： 28130 終値： 30743.06
時間： 2021/01/04 23:00 高値： 31434.07 安値： 30454.25 終値： 31400
時間： 2021/01/05 01:00 高値： 32185.67 安値： 31400 終値： 31745.72
時間： 2021/01/05 03:00 高値： 31920 安値： 30626.36 終値： 31024.17
時間： 2021/01/05 05:00 高値： 31855.75 安値： 31001 終値： 31665.51
時間： 2021/01/05 07:00 高値： 31830.95 安値： 30856.08 終値： 31014.27
時間： 2021/01/05 09:00 高値： 32031.01 安値： 30950 終値： 31988.71
時間： 2021/01/05 11:00 高値： 32853.38 安値： 31989.74 終値： 32786.06
時間： 2021/01/05 13:00 高値： 32828.26 安値： 31130.86 終値： 31200
時間： 2021/01/05 15:00 高値： 31538.45 安値： 29900 終値： 30436.25
時間： 2021/01/05 17:00 高値： 31312.03 安値： 29900 終値： 30817.77
時間： 2021/01/05 19:00 高値： 31821.94 安値： 30817.78 終値： 31569.63
時間： 2021/01/05 21:00 高値： 31777 安値： 31088.33 終値： 31776.66
時間： 2021/01/05 23:00 高値： 32057.13 安値： 31416.27 終値： 31460.01
時間： 2021/01/06 01:00 高値： 32375.07 安値： 31111.78 終値： 32099.98
時間： 2021/01/06 03:00 高値： 32790 安値： 31763.23 終値： 32742.73
時間： 2021/01/06 05:00 高値： 34187.09 安値： 32650.03 終値： 33697.75
過去17足の最高値32853.38USDを、直近の価格が33697.75USDでブレイクしました
時間： 2021/01/06 07:00 高値： 34044.13 安値： 33318 終値： 33699.63
時間： 2021/01/06 09:00 高値： 34360 安値： 33650 終値： 33949.53
時間： 2021/01/06 11:00 高値： 34107.59 安値： 33288 終値： 33811.28
時間： 2021/01/06 13:00 高値： 34170 安値： 33652 終値： 34117.59
時間： 2021/01/06 15:00 高値： 35766.58 安値： 34109.83 終値： 34978.91
トレイリングストップの発動：ストップ位置を28469USDに動かして、加速係数を0.1に更新します
過去17足の最高値34360USDを、直近の価格が34978.91USDでブレイクしました
時間： 2021/01/06 17:00 高値： 35248.63 安値： 34350 終値： 34676.4
時間： 2021/01/06 19:00 高値： 34950.77 安値： 33357.9 終値： 33919.5
時間： 2021/01/06 21:00 高値： 35200 安値： 33834.61 終値： 34918.53
時間： 2021/01/06 23:00 高値： 35088 安値： 34300 終値： 34550
時間： 2021/01/07 01:00 高値： 34790 安値： 34052.42 終値： 34566.19
時間： 2021/01/07 03:00 高値： 35076.42 安値： 34372.92 終値： 34898.52
時間： 2021/01/07 05:00 高値： 35695 安値： 34652.6 終値： 34816.72
時間： 2021/01/07 07:00 高値： 36470 安値： 34280 終値： 35874.16
トレイリングストップの発動：ストップ位置を29269USDに動かして、加速係数を0.12に更新します
過去17足の最高値35766.58USDを、直近の価格が35874.16USDでブレイクしました
時間： 2021/01/07 09:00 高値： 36939.21 安値： 35700.92 終値： 36769.36
トレイリングストップの発動：ストップ位置を30189USDに動かして、加速係数を0.14に更新します
過去17足の最高値36470USDを、直近の価格が36769.36USDでブレイクしました
時間： 2021/01/07 11:00 高値： 37287.63 安値： 36422.71 終値： 36871.47
トレイリングストップの発動：ストップ位置を31183USDに動かして、加速係数を0.16に更新します
時間： 2021/01/07 13:00 高値： 37699 安値： 36456 終値： 37454.48
トレイリングストップの発動：ストップ位置を32226USDに動かして、加速係数を0.18に更新します
過去17足の最高値37287.63USDを、直近の価格が37454.48USDでブレイクしました
時間： 2021/01/07 15:00 高値： 37700.8 安値： 37056.12 終値： 37347.2
トレイリングストップの発動：ストップ位置を33212USDに動かして、加速係数を0.2に更新します
時間： 2021/01/07 17:00 高値： 37439.75 安値： 36710 終値： 36859.85
時間： 2021/01/07 19:00 高値： 37500.99 安値： 36300 終値： 37492.69
時間： 2021/01/07 21:00 高値： 37913.72 安値： 36920 終値： 37822.09
トレイリングストップの発動：ストップ位置を34152USDに動かして、加速係数を0.22に更新します
過去17足の最高値37700.8USDを、直近の価格が37822.09USDでブレイクしました
時間： 2021/01/07 23:00 高値： 38429 安値： 37518 終値： 38161.6
トレイリングストップの発動：ストップ位置を35093USDに動かして、加速係数を0.24に更新します
過去17足の最高値37913.72USDを、直近の価格が38161.6USDでブレイクしました
時間： 2021/01/08 01:00 高値： 38970.42 安値： 38062.75 終値： 38970.42
トレイリングストップの発動：ストップ位置を36023USDに動かして、加速係数を0.26に更新します
過去17足の最高値38429USDを、直近の価格が38970.42USDでブレイクしました
時間： 2021/01/08 03:00 高値： 39775 安値： 38921.49 終値： 39732.92
トレイリングストップの発動：ストップ位置を36999USDに動かして、加速係数を0.28に更新します
過去17足の最高値38970.42USDを、直近の価格が39732.92USDでブレイクしました
時間： 2021/01/08 05:00 高値： 40365 安値： 36588.31 終値： 39062
トレイリングストップの発動：ストップ位置を37941USDに動かして、加速係数を0.3に更新します
37941USDの損切ラインを最安値36588.31が割り込んだため決済します。
現在の8期間の平均ボラティリティは936USDです
スリッページ・手数料として 14USDを考慮します
3342USDの利益です
時間： 2021/01/08 07:00 高値： 39882.07 安値： 38352.88 終値： 39687.11
時間： 2021/01/08 09:00 高値： 39969 安値： 38541.38 終値： 39432.28
時間： 2021/01/08 11:00 高値： 39699.87 安値： 37800 終値： 38681.37
時間： 2021/01/08 13:00 高値： 38692.83 安値： 36500 終値： 38347.1
時間： 2021/01/08 15:00 高値： 38949.97 安値： 37895 終値： 37975.25
時間： 2021/01/08 17:00 高値： 39143.8 安値： 37563.92 終値： 38930.55
時間： 2021/01/08 19:00 高値： 39374.22 安値： 38222 終値： 39358.34
時間： 2021/01/08 21:00 高値： 41500.45 安値： 39220 終値： 41286.67
過去17足の最高値40365USDを、直近の価格が41286.67USDでブレイクしました
現在の8期間の平均ボラティリティは1827USDです
現在のアカウント残高は4150.0USDです
許容リスクから購入できる枚数は最大0.2839lotまでです
10回に分けて0.0283935lotずつ注文します
証拠金から購入できる枚数は最大10.0516704lotまでです
枚数は最大0.0283935lotに決定しました
注文可能枚数0.0283935が、最低注文単位0.03に満たなかったので注文を見送ります
時間： 2021/01/08 23:00 高値： 41785.9 安値： 40700 終値： 41311.18
時間： 2021/01/09 01:00 高値： 41950 安値： 39777 終値： 40829.08
時間： 2021/01/09 03:00 高値： 41600 安値： 40359.67 終値： 41009.07
時間： 2021/01/09 05:00 高値： 41153 安値： 39800 終値： 40365.09
時間： 2021/01/09 07:00 高値： 40500 安値： 38652 終値： 40075.82
時間： 2021/01/09 09:00 高値： 40937.77 安値： 39740.95 終値： 40582.81
時間： 2021/01/09 11:00 高値： 40976.13 安値： 39710 終値： 40198.56
時間： 2021/01/09 13:00 高値： 40561.97 安値： 39500 終値： 40211.59
時間： 2021/01/09 15:00 高値： 40490 安値： 39154.48 終値： 39295.37
時間： 2021/01/09 17:00 高値： 39692 安値： 38720 終値： 39638.61
時間： 2021/01/09 19:00 高値： 40790 安値： 39290.86 終値： 40348.35
時間： 2021/01/09 21:00 高値： 41237.44 安値： 40105.51 終値： 40565.77
時間： 2021/01/09 23:00 高値： 41222 安値： 40410.01 終値： 41051.65
時間： 2021/01/10 01:00 高値： 41380 安値： 40200 終値： 40525.15
時間： 2021/01/10 03:00 高値： 40649.96 安値： 39869 終値： 40421.4
時間： 2021/01/10 05:00 高値： 40880 安値： 40417.36 終値： 40665.91
時間： 2021/01/10 07:00 高値： 40781.69 安値： 40050 終値： 40718.8
時間： 2021/01/10 09:00 高値： 40743.47 安値： 39928.91 終値： 40088.22
時間： 2021/01/10 11:00 高値： 41350 安値： 40087.15 終値： 41141.56
時間： 2021/01/10 13:00 高値： 41145.21 安値： 40250 終値： 40316.64
時間： 2021/01/10 15:00 高値： 40665.23 安値： 40050 終値： 40451.84
時間： 2021/01/10 17:00 高値： 41073.26 安値： 40350 終値： 40978.57
時間： 2021/01/10 19:00 高値： 41060 安値： 40555 終値： 40768.48
時間： 2021/01/10 21:00 高値： 40850 安値： 38888 終値： 39181.76
時間： 2021/01/10 23:00 高値： 40126 安値： 38450 終値： 39800.9
時間： 2021/01/11 01:00 高値： 39934.76 安値： 39062.91 終値： 39671.81
時間： 2021/01/11 03:00 高値： 39757.55 安値： 37200 終値： 38571.86
時間： 2021/01/11 05:00 高値： 38778 安値： 37111 終値： 37456.77
時間： 2021/01/11 07:00 高値： 38288.17 安値： 35111.11 終値： 38055.3
時間： 2021/01/11 09:00 高値： 39000 安値： 37852.09 終値： 38150.02
時間： 2021/01/11 11:00 高値： 38264.74 安値： 36501 終値： 37237.66
時間： 2021/01/11 13:00 高値： 37411 安値： 33600 終値： 35438.23
時間： 2021/01/11 15:00 高値： 35999.95 安値： 34300 終値： 34904.73
時間： 2021/01/11 17:00 高値： 34904.73 安値： 32538 終値： 34375.34
時間： 2021/01/11 19:00 高値： 35919.86 安値： 34101.01 終値： 35765.98
時間： 2021/01/11 21:00 高値： 36360 安値： 34020 終値： 34198.56
時間： 2021/01/11 23:00 高値： 35110 安値： 32700 終値： 32813.71
時間： 2021/01/12 01:00 高値： 33770.11 安値： 31115 終値： 31580
過去30足の最安値32538USDを、直近の価格が31580USDでブレイクしました
現在の8期間の平均ボラティリティは2170USDです
現在のアカウント残高は4150.0USDです
許容リスクから購入できる枚数は最大0.2391lotまでです
10回に分けて0.0239055lotずつ注文します
証拠金から購入できる枚数は最大13.1412286lotまでです
枚数は最大0.0239055lotに決定しました
注文可能枚数0.0239055が、最低注文単位0.03に満たなかったので注文を見送ります
時間： 2021/01/12 03:00 高値： 33585.17 安値： 30420 終値： 32839.87
時間： 2021/01/12 05:00 高値： 33300 安値： 31215 終値： 32254.62
時間： 2021/01/12 07:00 高値： 34466 安値： 31408.07 終値： 33968.09
時間： 2021/01/12 09:00 高値： 35638.55 安値： 33650 終値： 35404.47
時間： 2021/01/12 11:00 高値： 35547.19 安値： 33880 終値： 34289.3
時間： 2021/01/12 13:00 高値： 34998.94 安値： 33677.03 終値： 34984.96
時間： 2021/01/12 15:00 高値： 35889 安値： 34520.69 終値： 35882.68
時間： 2021/01/12 17:00 高値： 36628 安値： 35617.67 終値： 36413.6
時間： 2021/01/12 19:00 高値： 36499.98 安値： 35370.21 終値： 35925.76
時間： 2021/01/12 21:00 高値： 36150.71 安値： 34757 終値： 35410.99
時間： 2021/01/12 23:00 高値： 35688.82 安値： 33250 終値： 33291.06
時間： 2021/01/13 01:00 高値： 34285.71 安値： 32531 終値： 33829.4
時間： 2021/01/13 03:00 高値： 35289.67 安値： 33819.11 終値： 35012.53
時間： 2021/01/13 05:00 高値： 35550 安値： 34178.89 終値： 34685.11
時間： 2021/01/13 07:00 高値： 34877.28 安値： 33730 終値： 34719.03
時間： 2021/01/13 09:00 高値： 35051.02 安値： 33260.74 終値： 34051.24
時間： 2021/01/13 11:00 高値： 34049.15 安値： 32380 終値： 33124.06
時間： 2021/01/13 13:00 高値： 34375.51 安値： 32566.55 終値： 33818.5
時間： 2021/01/13 15:00 高値： 33910 安値： 32800 終値： 33321.75
時間： 2021/01/13 17:00 高値： 35180.67 安値： 33212.12 終値： 34986.9
時間： 2021/01/13 19:00 高値： 35107.47 安値： 34200 終値： 34343.62
時間： 2021/01/13 21:00 高値： 35250 安値： 34242.15 終値： 34385.48
時間： 2021/01/13 23:00 高値： 34787.24 安値： 34017 終値： 34575.5
時間： 2021/01/14 01:00 高値： 35100 安値： 34200 終値： 34673.9
時間： 2021/01/14 03:00 高値： 35000 安値： 34388.53 終値： 34821.48
時間： 2021/01/14 05:00 高値： 36188 安値： 34720 終値： 36002.25
時間： 2021/01/14 07:00 高値： 37427 安値： 35704.21 終値： 37299.49
過去17足の最高値36188USDを、直近の価格が37299.49USDでブレイクしました
現在の8期間の平均ボラティリティは1093USDです
現在のアカウント残高は4150.0USDです
許容リスクから購入できる枚数は最大0.4746lotまでです
10回に分けて0.0474611lotずつ注文します
証拠金から購入できる枚数は最大11.1261575lotまでです
枚数は最大0.0474611lotに決定しました
現在の8期間の平均ボラティリティは1093USDです
ボラティリティ比閾値0.1に対し現在の比は0.0293033でした
閾値を下回ったので判定ONです
37299.49USDで0.0474611lotの買い注文を出します
現在レート 37299.49 なので 0.047461 [lot] は 1770 [USD] です
32927.49USDにストップを入れます
時間： 2021/01/14 09:00 高値： 37850 安値： 36827.02 終値： 37371.38
時間： 2021/01/14 11:00 高値： 38172.22 安値： 37362.49 終値： 37451.13
時間： 2021/01/14 13:00 高値： 37729.62 安値： 37000 終値： 37045.13
時間： 2021/01/14 15:00 高値： 37800 安値： 36701.23 終値： 37529.11
時間： 2021/01/14 17:00 高値： 38596.92 安値： 37440 終値： 38198.34
過去17足の最高値38172.22USDを、直近の価格が38198.34USDでブレイクしました
時間： 2021/01/14 19:00 高値： 38786.1 安値： 37862.04 終値： 37938.11
時間： 2021/01/14 21:00 高値： 38622.6 安値： 37869.1 終値： 38365.86
時間： 2021/01/14 23:00 高値： 39000 安値： 37707 終値： 38977.66
過去17足の最高値38786.1USDを、直近の価格が38977.66USDでブレイクしました
時間： 2021/01/15 01:00 高値： 40100 安値： 38788.19 終値： 39546.01
過去17足の最高値39000USDを、直近の価格が39546.01USDでブレイクしました
前回のエントリー価格37299.49USDからブレイクアウトの方向に2ATR（2186USD）以上動きました
2/10回目の追加注文を出します
証拠金から購入できる枚数は最大10.4485889lotまでです
枚数は最大0.0474611lotに決定しました
現在のポジションに追加して、39586USDで0.0474611lotの買い注文を出します
現在レート 39546.01 なので 0.047461 [lot] は 1877 [USD] です
34071USDの位置にストップを更新します
現在のポジションの取得単価は38443USDです
現在のポジションサイズは0.0949222lotです
時間： 2021/01/15 03:00 高値： 40000 安値： 39212.15 終値： 39429.81
時間： 2021/01/15 05:00 高値： 39919.11 安値： 39258.1 終値： 39876.98
時間： 2021/01/15 07:00 高値： 39935.1 安値： 38259.25 終値： 38780.47
時間： 2021/01/15 09:00 高値： 39330.92 安値： 38276 終値： 39144.5
時間： 2021/01/15 11:00 高値： 39747.76 安値： 39012.12 終値： 39175.74
時間： 2021/01/15 13:00 高値： 39479.65 安値： 38450 終値： 38700
時間： 2021/01/15 15:00 高値： 38853.09 安値： 37808 終値： 37808.9
時間： 2021/01/15 17:00 高値： 38483.82 安値： 37554.94 終値： 38473.08
時間： 2021/01/15 19:00 高値： 38718.02 安値： 38016.17 終値： 38679.36
時間： 2021/01/15 21:00 高値： 38780 安値： 37923 終値： 38108.88
時間： 2021/01/15 23:00 高値： 38194.04 安値： 37200 終値： 37683.94
時間： 2021/01/16 01:00 高値： 37786.74 安値： 35258 終値： 35610.72
時間： 2021/01/16 03:00 高値： 36400 安値： 34408 終値： 35947.31
時間： 2021/01/16 05:00 高値： 36433.51 安値： 34812.23 終値： 35217.26
時間： 2021/01/16 07:00 高値： 36431.75 安値： 34801.15 終値： 36234.05
時間： 2021/01/16 09:00 高値： 36888 安値： 35950.63 終値： 36742.22
時間： 2021/01/16 11:00 高値： 37669 安値： 36724.17 終値： 37005.86
時間： 2021/01/16 13:00 高値： 37227.16 安値： 35852.93 終値： 36532.92
時間： 2021/01/16 15:00 高値： 36700 安値： 35520 終値： 35854.37
時間： 2021/01/16 17:00 高値： 36959.61 安値： 35823.8 終値： 36574.86
時間： 2021/01/16 19:00 高値： 37666.66 安値： 36375.88 終値： 37448.77
時間： 2021/01/16 21:00 高値： 37950 安値： 37179.41 終値： 37680
時間： 2021/01/16 23:00 高値： 37886 安値： 36712 終値： 37143.51
時間： 2021/01/17 01:00 高値： 37680 安値： 36671.2 終値： 37461.99
時間： 2021/01/17 03:00 高値： 37713.94 安値： 36800 終値： 36860.97
時間： 2021/01/17 05:00 高値： 37165.9 安値： 36200 終値： 36376.39
時間： 2021/01/17 07:00 高値： 36800 安値： 35684.82 終値： 35924.44
時間： 2021/01/17 09:00 高値： 36480 安値： 35357.8 終値： 35994.98
時間： 2021/01/17 11:00 高値： 36727.26 安値： 35520 終値： 36715.63
時間： 2021/01/17 13:00 高値： 36744.05 安値： 35978 終値： 36177
時間： 2021/01/17 15:00 高値： 36382.38 安値： 35475.14 終値： 35547.13
時間： 2021/01/17 17:00 高値： 35733.23 安値： 34518.04 終値： 34760.9
時間： 2021/01/17 19:00 高値： 35188 安値： 34000 終値： 34176.77
34071USDの損切ラインを最安値34000が割り込んだため決済します。
現在の8期間の平均ボラティリティは1027USDです
スリッページ・手数料として 3USDを考慮します
-425USDの損失です
時間： 2021/01/17 21:00 高値： 35400 安値： 33850 終値： 35267.17
時間： 2021/01/17 23:00 高値： 35545.34 安値： 34695.46 終値： 34841.83
時間： 2021/01/18 01:00 高値： 35973.89 安値： 34666 終値： 35728.47
時間： 2021/01/18 03:00 高値： 36166.47 安値： 35589.35 終値： 35837.22
時間： 2021/01/18 05:00 高値： 36000 安値： 35514.99 終値： 35633.91
時間： 2021/01/18 07:00 高値： 36852.5 安値： 35559.84 終値： 36542.96
時間： 2021/01/18 09:00 高値： 36700 安値： 35506 終値： 35828.61
時間： 2021/01/18 11:00 高値： 36180 安値： 35551.81 終値： 36125.44
時間： 2021/01/18 13:00 高値： 36208 安値： 34842.99 終値： 35106.25
時間： 2021/01/18 15:00 高値： 35477.06 安値： 34800 終値： 35344.5
時間： 2021/01/18 17:00 高値： 36278.68 安値： 35072.69 終値： 36104.61
時間： 2021/01/18 19:00 高値： 36650 安値： 36073.13 終値： 36574.61
時間： 2021/01/18 21:00 高値： 36633.5 安値： 35771.6 終値： 36442.08
時間： 2021/01/18 23:00 高値： 37469.83 安値： 36385 終値： 36766.78
時間： 2021/01/19 01:00 高値： 36985 安値： 36047.89 終値： 36405.98
時間： 2021/01/19 03:00 高値： 36565 安値： 35400 終値： 35675.28
時間： 2021/01/19 05:00 高値： 36065 安値： 35532.32 終値： 35956.14
時間： 2021/01/19 07:00 高値： 36400 安値： 35755.01 終値： 36198.01
時間： 2021/01/19 09:00 高値： 36777.77 安値： 36154.65 終値： 36631.27
時間： 2021/01/19 11:00 高値： 37280 安値： 36364.43 終値： 36922.44
時間： 2021/01/19 13:00 高値： 37014.19 安値： 36416.52 終値： 36465.3
時間： 2021/01/19 15:00 高値： 36648.92 安値： 36018.09 終値： 36251.18
時間： 2021/01/19 17:00 高値： 37233.87 安値： 36002.01 終値： 37168.82
時間： 2021/01/19 19:00 高値： 37535.27 安値： 36897.07 終値： 37040.04
時間： 2021/01/19 21:00 高値： 37299.51 安値： 36750 終値： 37266.49
時間： 2021/01/19 23:00 高値： 37449 安値： 36610 終値： 37082.52
時間： 2021/01/20 01:00 高値： 37350 安値： 36776.5 終値： 37329.4
時間： 2021/01/20 03:00 高値： 37850 安値： 37015 終値： 37162.4
時間： 2021/01/20 05:00 高値： 37162.4 安値： 36052.04 終値： 36279.82
時間： 2021/01/20 07:00 高値： 36777.88 安値： 36100 終値： 36452.22
時間： 2021/01/20 09:00 高値： 36769.23 安値： 35844.06 終値： 35891.49
時間： 2021/01/20 11:00 高値： 36415.31 安値： 35610.17 終値： 36105.27
時間： 2021/01/20 13:00 高値： 36125.86 安値： 35000 終値： 35062.49
時間： 2021/01/20 15:00 高値： 35500.01 安値： 34737 終値： 35477.18
時間： 2021/01/20 17:00 高値： 35909.95 安値： 35133.68 終値： 35677.14
時間： 2021/01/20 19:00 高値： 35939.12 安値： 34500 終値： 34801.83
時間： 2021/01/20 21:00 高値： 34979.59 安値： 34000 終値： 34426.17
過去30足の最安値34500USDを、直近の価格が34426.17USDでブレイクしました
現在の8期間の平均ボラティリティは953USDです
現在のアカウント残高は3725.0USDです
許容リスクから購入できる枚数は最大0.4886lotまでです
10回に分けて0.0488589lotずつ注文します
証拠金から購入できる枚数は最大10.8202568lotまでです
枚数は最大0.0488589lotに決定しました
現在の8期間の平均ボラティリティは953USDです
ボラティリティ比閾値0.1に対し現在の比は0.0276824でした
閾値を下回ったので判定ONです
34426.17USDで0.0488589lotの売り注文を出します
現在レート 34426.17 なので 0.048859 [lot] は 1682 [USD] です
38238.17USDにストップを入れます
時間： 2021/01/20 23:00 高値： 34983.77 安値： 34020 終値： 34958.56
時間： 2021/01/21 01:00 高値： 35142.18 安値： 34067.16 終値： 34192.17
時間： 2021/01/21 03:00 高値： 35100.01 安値： 33400 終値： 34849.99
時間： 2021/01/21 05:00 高値： 35311 安値： 34765.24 終値： 35197.12
時間： 2021/01/21 07:00 高値： 35318.39 安値： 34482.75 終値： 34892.89
時間： 2021/01/21 09:00 高値： 35670 安値： 34748.09 終値： 35468.23
時間： 2021/01/21 11:00 高値： 35600 安値： 34622.5 終値： 34784.69
時間： 2021/01/21 13:00 高値： 34831.42 安値： 34230.76 終値： 34571.09
時間： 2021/01/21 15:00 高値： 34923.07 安値： 33971.41 終値： 34562.7
時間： 2021/01/21 17:00 高値： 35019.01 安値： 34500.36 終値： 34624.27
時間： 2021/01/21 19:00 高値： 34681.73 安値： 32540 終値： 32878.33
過去30足の最安値33400USDを、直近の価格が32878.33USDでブレイクしました
時間： 2021/01/21 21:00 高値： 33067.87 安値： 32009.68 終値： 32208.62
過去30足の最安値32540USDを、直近の価格が32208.62USDでブレイクしました
前回のエントリー価格34426.17USDからブレイクアウトの方向に2ATR（1906USD）以上動きました
2/10回目の追加注文を出します
証拠金から購入できる枚数は最大11.512446lotまでです
枚数は最大0.0488589lotに決定しました
現在のポジションに追加して、32176USDで0.0488589lotの売り注文を出します
現在レート 32208.62 なので 0.048859 [lot] は 1574 [USD] です
37113USDの位置にストップを更新します
現在のポジションの取得単価は33301USDです
現在のポジションサイズは0.0977178lotです
時間： 2021/01/21 23:00 高値： 32784.31 安値： 31300 終値： 32304.44
時間： 2021/01/22 01:00 高値： 32450 安値： 31037 終値： 31384.09
時間： 2021/01/22 03:00 高値： 32210.38 安値： 31038.51 終値： 31912.38
時間： 2021/01/22 05:00 高値： 32751.24 安値： 31432.64 終値： 32468.66
時間： 2021/01/22 07:00 高値： 32550 安値： 31200 終値： 31229.71
時間： 2021/01/22 09:00 高値： 31571.88 安値： 30071 終値： 30850.13
過去30足の最安値31037USDを、直近の価格が30850.13USDでブレイクしました
時間： 2021/01/22 11:00 高値： 30863.98 安値： 28850 終値： 30068.29
過去30足の最安値30071USDを、直近の価格が30068.29USDでブレイクしました
前回のエントリー価格32176USDからブレイクアウトの方向に2ATR（1906USD）以上動きました
3/10回目の追加注文を出します
証拠金から購入できる枚数は最大12.2787162lotまでです
枚数は最大0.0488589lotに決定しました
現在のポジションに追加して、30038USDで0.0488589lotの売り注文を出します
現在レート 30068.29 なので 0.048859 [lot] は 1469 [USD] です
36025USDの位置にストップを更新します
現在のポジションの取得単価は32213USDです
現在のポジションサイズは0.1465767lotです
時間： 2021/01/22 13:00 高値： 31029.79 安値： 29781.2 終値： 30943.4
時間： 2021/01/22 15:00 高値： 31924.44 安値： 30711.66 終値： 31800.93
時間： 2021/01/22 17:00 高値： 32152.9 安値： 30615.22 終値： 30842.45
時間： 2021/01/22 19:00 高値： 31799.98 安値： 30500 終値： 31414.59
時間： 2021/01/22 21:00 高値： 31997 安値： 31052.44 終値： 31710.88
時間： 2021/01/22 23:00 高値： 32322.56 安値： 31286 終値： 32141.8
時間： 2021/01/23 01:00 高値： 32767.44 安値： 32132.59 終値： 32458.42
時間： 2021/01/23 03:00 高値： 32626 安値： 31955.67 終値： 32329.25
時間： 2021/01/23 05:00 高値： 33655.79 安値： 32185.44 終値： 33589.52
時間： 2021/01/23 07:00 高値： 33826.53 安値： 33192.13 終値： 33290.01
時間： 2021/01/23 09:00 高値： 33606.16 安値： 32580 終値： 32945.17
時間： 2021/01/23 11:00 高値： 32974.89 安値： 32237.39 終値： 32706.76
時間： 2021/01/23 13:00 高値： 32860 安値： 32053.33 終値： 32365.01
時間： 2021/01/23 15:00 高値： 33378.52 安値： 32267.07 終値： 33350.6
時間： 2021/01/23 17:00 高値： 33456 安値： 32676.15 終値： 32931.18
時間： 2021/01/23 19:00 高値： 33104.94 安値： 32350 終値： 32453.56
時間： 2021/01/23 21:00 高値： 32542.37 安値： 31511.24 終値： 31645.49
時間： 2021/01/23 23:00 高値： 32289.25 安値： 31390.16 終値： 31865.19
時間： 2021/01/24 01:00 高値： 32180 安値： 31609.05 終値： 31877.1
時間： 2021/01/24 03:00 高値： 32409.97 安値： 31759.65 終値： 32239.09
時間： 2021/01/24 05:00 高値： 32500 安値： 31825 終値： 32348.79
時間： 2021/01/24 07:00 高値： 32442.68 安値： 31812.5 終値： 32344.22
時間： 2021/01/24 09:00 高値： 32538.61 安値： 31835.85 終値： 32078
時間： 2021/01/24 11:00 高値： 32086.75 安値： 31630 終値： 31863.84
時間： 2021/01/24 13:00 高値： 32480.06 安値： 31784.66 終値： 32480.05
時間： 2021/01/24 15:00 高値： 32980 安値： 32346.44 終値： 32871.98
時間： 2021/01/24 17:00 高値： 33071 安値： 32511.76 終値： 32801.15
時間： 2021/01/24 19:00 高値： 33030 安値： 32541.32 終値： 32641.58
時間： 2021/01/24 21:00 高値： 32893.93 安値： 32465 終値： 32833.37
時間： 2021/01/24 23:00 高値： 32931.59 安値： 32107.61 終値： 32227.29
時間： 2021/01/25 01:00 高値： 32360.02 安値： 31858.68 終値： 31957.05
時間： 2021/01/25 03:00 高値： 32139.6 安値： 31500 終値： 31851.6
時間： 2021/01/25 05:00 高値： 31941.56 安値： 30900 終値： 31306.29
時間： 2021/01/25 07:00 高値： 31977.6 安値： 31250.26 終値： 31909.46
時間： 2021/01/25 09:00 高値： 32369.59 安値： 31650 終値： 32259.9
時間： 2021/01/25 11:00 高値： 32908.98 安値： 32175.61 終値： 32864.98
時間： 2021/01/25 13:00 高値： 33674.48 安値： 32580.3 終値： 33568.18
過去17足の最高値33071USDを、直近の価格が33568.18USDでブレイクしました
33568.18USDあたりで成行注文を出してポジションを決済します
スリッページ・手数料として 5USDを考慮します
-203USDの損失です
時間： 2021/01/25 15:00 高値： 33797.96 安値： 33188 終値： 33331.13
時間： 2021/01/25 17:00 高値： 33562.04 安値： 33045 終値： 33346.95
時間： 2021/01/25 19:00 高値： 33548 安値： 32800 終値： 32979.1
時間： 2021/01/25 21:00 高値： 33334.57 安値： 32750.09 終値： 33185.26
時間： 2021/01/25 23:00 高値： 34693.93 安値： 33050 終値： 34544.49
過去17足の最高値33797.96USDを、直近の価格が34544.49USDでブレイクしました
現在の8期間の平均ボラティリティは717USDです
現在のアカウント残高は3522.0USDです
許容リスクから購入できる枚数は最大0.614lotまでです
10回に分けて0.0614017lotずつ注文します
証拠金から購入できる枚数は最大10.1955478lotまでです
枚数は最大0.0614017lotに決定しました
現在の8期間の平均ボラティリティは717USDです
ボラティリティ比閾値0.1に対し現在の比は0.0207558でした
閾値を下回ったので判定ONです
34544.49USDで0.0614017lotの買い注文を出します
現在レート 34544.49 なので 0.061402 [lot] は 2121 [USD] です
31676.489999999998USDにストップを入れます
時間： 2021/01/26 01:00 高値： 34875 安値： 34202.69 終値： 34458.31
時間： 2021/01/26 03:00 高値： 34600 安値： 33630.57 終値： 33784.36
時間： 2021/01/26 05:00 高値： 34031.56 安値： 33373.92 終値： 33411.54
時間： 2021/01/26 07:00 高値： 33473.92 安値： 32155.28 終値： 32718.08
時間： 2021/01/26 09:00 高値： 32732.99 安値： 31910 終値： 32254.2
時間： 2021/01/26 11:00 高値： 32827.33 安値： 31758 終値： 32758.85
時間： 2021/01/26 13:00 高値： 32765.41 安値： 31458 終値： 31518.66
31676.489999999998USDの損切ラインを最安値31458が割り込んだため決済します。
現在の8期間の平均ボラティリティは967USDです
スリッページ・手数料として 2USDを考慮します
-191USDの損失です
時間： 2021/01/26 15:00 高値： 32312.46 安値： 31424.71 終値： 32062.32
時間： 2021/01/26 17:00 高値： 32073.99 安値： 31100 終値： 31643.61
時間： 2021/01/26 19:00 高値： 32075 安値： 31373 終値： 31804.77
時間： 2021/01/26 21:00 高値： 32450 安値： 31650 終値： 31796.95
時間： 2021/01/26 23:00 高値： 31972.73 安値： 31201 終値： 31718.97
時間： 2021/01/27 01:00 高値： 31885.02 安値： 30837.37 終値： 31750.23
時間： 2021/01/27 03:00 高値： 32235 安値： 31300.69 終値： 32184.36
時間： 2021/01/27 05:00 高値： 32403.88 安値： 31861.22 終値： 32208.33
時間： 2021/01/27 07:00 高値： 32395 安値： 31855.71 終値： 31987.13
時間： 2021/01/27 09:00 高値： 32921.88 安値： 31890 終値： 32467.77
時間： 2021/01/27 11:00 高値： 32557.29 安値： 31880 終値： 32084.6
時間： 2021/01/27 13:00 高値： 32263.56 安値： 31568.28 終値： 31800.86
時間： 2021/01/27 15:00 高値： 32030.28 安値： 31365.41 終値： 31503.41
時間： 2021/01/27 17:00 高値： 31890.19 安値： 31350 終値： 31743.33
時間： 2021/01/27 19:00 高値： 31749.28 安値： 30755 終値： 31201.05
時間： 2021/01/27 21:00 高値： 31615.38 安値： 30578.94 終値： 30639.05
過去30足の最安値30755USDを、直近の価格が30639.05USDでブレイクしました
現在の8期間の平均ボラティリティは711USDです
現在のアカウント残高は3331.0USDです
許容リスクから購入できる枚数は最大0.5856lotまでです
10回に分けて0.0585619lotずつ注文します
証拠金から購入できる枚数は最大10.871747lotまでです
枚数は最大0.0585619lotに決定しました
現在の8期間の平均ボラティリティは711USDです
ボラティリティ比閾値0.1に対し現在の比は0.0232057でした
閾値を下回ったので判定ONです
30639.05USDで0.0585619lotの売り注文を出します
現在レート 30639.05 なので 0.058562 [lot] は 1794 [USD] です
33483.05USDにストップを入れます
時間： 2021/01/27 23:00 高値： 31057 安値： 30245 終値： 30275.3
過去30足の最安値30578.94USDを、直近の価格が30275.3USDでブレイクしました
時間： 2021/01/28 01:00 高値： 30520 安値： 29241.72 終値： 30322.61
時間： 2021/01/28 03:00 高値： 30948 安値： 30101.43 終値： 30514.34
時間： 2021/01/28 05:00 高値： 30850 安値： 29500 終値： 30740.33
時間： 2021/01/28 07:00 高値： 31649.99 安値： 30512.19 終値： 30958
時間： 2021/01/28 09:00 高値： 31051.46 安値： 30084.24 終値： 30366.15
時間： 2021/01/28 11:00 高値： 30917.53 安値： 29842.1 終値： 30881.94
時間： 2021/01/28 13:00 高値： 31526.78 安値： 30788.3 終値： 31404.25
時間： 2021/01/28 15:00 高値： 31800 安値： 31045.7 終値： 31729.16
時間： 2021/01/28 17:00 高値： 31876.63 安値： 31080 終値： 31170.53
時間： 2021/01/28 19:00 高値： 31483.44 安値： 30812.26 終値： 31466.91
時間： 2021/01/28 21:00 高値： 31600 安値： 31030 終値： 31437.37
時間： 2021/01/28 23:00 高値： 31840 安値： 31161.96 終値： 31775.12
時間： 2021/01/29 01:00 高値： 32203.38 安値： 31612.52 終値： 31926.49
時間： 2021/01/29 03:00 高値： 32490 安値： 31650 終値： 32281.49
過去17足の最高値32203.38USDを、直近の価格が32281.49USDでブレイクしました
32281.49USDあたりで成行注文を出してポジションを決済します
スリッページ・手数料として 2USDを考慮します
-98USDの損失です
時間： 2021/01/29 05:00 高値： 32747.78 安値： 32103.44 終値： 32564.71
過去17足の最高値32490USDを、直近の価格が32564.71USDでブレイクしました
現在の8期間の平均ボラティリティは705USDです
現在のアカウント残高は3233.0USDです
許容リスクから購入できる枚数は最大0.5732lotまでです
10回に分けて0.0573227lotずつ注文します
証拠金から購入できる枚数は最大9.927925lotまでです
枚数は最大0.0573227lotに決定しました
現在の8期間の平均ボラティリティは705USDです
ボラティリティ比閾値0.1に対し現在の比は0.0216492でした
閾値を下回ったので判定ONです
32564.71USDで0.0573227lotの買い注文を出します
現在レート 32564.71 なので 0.057323 [lot] は 1867 [USD] です
29744.71USDにストップを入れます
時間： 2021/01/29 07:00 高値： 33295.55 安値： 32392.34 終値： 33183.53
過去17足の最高値32747.78USDを、直近の価格が33183.53USDでブレイクしました
時間： 2021/01/29 09:00 高値： 33783.98 安値： 33026 終値： 33364.86
過去17足の最高値33295.55USDを、直近の価格が33364.86USDでブレイクしました
時間： 2021/01/29 11:00 高値： 34310 安値： 33330.93 終値： 33906.57
過去17足の最高値33783.98USDを、直近の価格が33906.57USDでブレイクしました
時間： 2021/01/29 13:00 高値： 34201.14 安値： 33501 終値： 33733.58
時間： 2021/01/29 15:00 高値： 33934.48 安値： 32750.47 終値： 32980.32
時間： 2021/01/29 17:00 高値： 32982.33 安値： 31915.4 終値： 32266.35
時間： 2021/01/29 19:00 高値： 37990 安値： 32006.91 終値： 36877.16
過去17足の最高値34310USDを、直近の価格が36877.16USDでブレイクしました
前回のエントリー価格32564.71USDからブレイクアウトの方向に2ATR（1410USD）以上動きました
2/10回目の追加注文を出します
証拠金から購入できる枚数は最大8.7154217lotまでです
枚数は最大0.0573227lotに決定しました
現在のポジションに追加して、36914USDで0.0573227lotの買い注文を出します
現在レート 36877.16 なので 0.057323 [lot] は 2114 [USD] です
31919USDの位置にストップを更新します
現在のポジションの取得単価は34739USDです
現在のポジションサイズは0.1146454lotです
時間： 2021/01/29 21:00 高値： 37208.94 安値： 35489.41 終値： 37025.32
時間： 2021/01/29 23:00 高値： 38531.9 安値： 36534.42 終値： 38250.03
過去17足の最高値37990USDを、直近の価格が38250.03USDでブレイクしました
時間： 2021/01/30 01:00 高値： 38448.39 安値： 36456.78 終値： 37129.4
時間： 2021/01/30 03:00 高値： 37569 安値： 35564 終値： 35741.23
時間： 2021/01/30 05:00 高値： 35999.99 安値： 33500 終値： 34318.57
時間： 2021/01/30 07:00 高値： 34953.87 安値： 33843.22 終値： 34635.53
時間： 2021/01/30 09:00 高値： 35354.94 安値： 33700 終値： 34252.2
時間： 2021/01/30 11:00 高値： 34933 安値： 33927 終値： 34123.05
時間： 2021/01/30 13:00 高値： 34443.96 安値： 32825 終値： 33273.36
時間： 2021/01/30 15:00 高値： 33986.4 安値： 33001.52 終値： 33503.72
時間： 2021/01/30 17:00 高値： 34200 安値： 33137.8 終値： 34046.8
時間： 2021/01/30 19:00 高値： 34424.7 安値： 33775.44 終値： 34253.18
時間： 2021/01/30 21:00 高値： 34392 安値： 33510 終値： 33660.4
時間： 2021/01/30 23:00 高値： 34349.63 安値： 33410.63 終値： 34237.69
時間： 2021/01/31 01:00 高値： 34500 安値： 34000 終値： 34210.2
時間： 2021/01/31 03:00 高値： 34290.44 安値： 33520 終値： 34253.67
時間： 2021/01/31 05:00 高値： 34400.02 安値： 34028.87 終値： 34286.5
時間： 2021/01/31 07:00 高値： 34690 安値： 33966.4 終値： 34675.53
時間： 2021/01/31 09:00 高値： 34800 安値： 34164.78 終値： 34262.88
時間： 2021/01/31 11:00 高値： 34342.69 安値： 33850 終値： 34194
時間： 2021/01/31 13:00 高値： 34238 安値： 33655 終値： 33930.21
時間： 2021/01/31 15:00 高値： 34127.65 安値： 33678.46 終値： 33756.39
時間： 2021/01/31 17:00 高値： 33857.88 安値： 33450 終値： 33607.98
時間： 2021/01/31 19:00 高値： 33832.94 安値： 33270 終値： 33301.7
時間： 2021/01/31 21:00 高値： 33784.4 安値： 33205 終値： 33563.23
時間： 2021/01/31 23:00 高値： 34220 安値： 33366.29 終値： 33692.92
時間： 2021/02/01 01:00 高値： 33735.54 安値： 32554 終値： 32862.66
時間： 2021/02/01 03:00 高値： 33077.9 安値： 32200 終値： 32302.31
時間： 2021/02/01 05:00 高値： 32926.25 安値： 32171.67 終値： 32808.8
時間： 2021/02/01 07:00 高値： 32931.55 安値： 32461.23 終値： 32560.73
時間： 2021/02/01 09:00 高値： 33255.49 安値： 32559.85 終値： 33092.98
時間： 2021/02/01 11:00 高値： 33560.9 安値： 32296.16 終値： 33430.29
時間： 2021/02/01 13:00 高値： 33830 安値： 33222.88 終値： 33573.97
時間： 2021/02/01 15:00 高値： 33943.55 安値： 33423.43 終値： 33755.4
時間： 2021/02/01 17:00 高値： 34427 安値： 33284.24 終値： 33803.97
時間： 2021/02/01 19:00 高値： 34717.27 安値： 33589.23 終値： 34354.47
時間： 2021/02/01 21:00 高値： 34539.94 安値： 33935.47 終値： 34183.33
時間： 2021/02/01 23:00 高値： 34460 安値： 33590 終値： 33702.25
時間： 2021/02/02 01:00 高値： 33866.49 安値： 33160 終値： 33160.17
時間： 2021/02/02 03:00 高値： 34100 安値： 33133.26 終値： 33978.31
時間： 2021/02/02 05:00 高値： 34072.54 安値： 33655.01 終値： 33838.13
時間： 2021/02/02 07:00 高値： 34039 安値： 33549 終値： 33658.67
時間： 2021/02/02 09:00 高値： 33789.73 安値： 33430.76 終値： 33526.37
時間： 2021/02/02 11:00 高値： 34161.39 安値： 33418 終値： 33744.71
時間： 2021/02/02 13:00 高値： 33876.73 安値： 33501.25 終値： 33550.32
時間： 2021/02/02 15:00 高値： 34100 安値： 33500 終値： 33992.83
時間： 2021/02/02 17:00 高値： 34400 安値： 33924.73 終値： 34223.38
時間： 2021/02/02 19:00 高値： 35668.1 安値： 34080 終値： 35334.04
過去17足の最高値34717.27USDを、直近の価格が35334.04USDでブレイクしました
時間： 2021/02/02 21:00 高値： 35434.7 安値： 34601 終値： 34720.15
時間： 2021/02/02 23:00 高値： 35200 安値： 34524.2 終値： 34844.73
時間： 2021/02/03 01:00 高値： 35151 安値： 34333 終値： 34708.47
時間： 2021/02/03 03:00 高値： 35175.31 安値： 34556.85 終値： 34851.47
時間： 2021/02/03 05:00 高値： 35800 安値： 34790 終値： 35762.03
過去17足の最高値35668.1USDを、直近の価格が35762.03USDでブレイクしました
時間： 2021/02/03 07:00 高値： 35984.33 安値： 35525.1 終値： 35653.07
時間： 2021/02/03 09:00 高値： 35812.49 安値： 35466 終値： 35466.24
時間： 2021/02/03 11:00 高値： 36349.64 安値： 35362.38 終値： 35879.27
時間： 2021/02/03 13:00 高値： 36500 安値： 35816.74 終値： 36403.47
過去17足の最高値36349.64USDを、直近の価格が36403.47USDでブレイクしました
時間： 2021/02/03 15:00 高値： 36845 安値： 36377.1 終値： 36460.12
時間： 2021/02/03 17:00 高値： 36789 安値： 36231.66 終値： 36297.57
時間： 2021/02/03 19:00 高値： 36299.98 安値： 35511 終値： 35851.19
時間： 2021/02/03 21:00 高値： 36238.38 安値： 35657.69 終値： 35969.41
時間： 2021/02/03 23:00 高値： 36720.56 安値： 35810.9 終値： 36537.42
時間： 2021/02/04 01:00 高値： 36917.27 安値： 36369.56 終値： 36850
過去17足の最高値36845USDを、直近の価格が36850USDでブレイクしました
時間： 2021/02/04 03:00 高値： 37221.42 安値： 36643.07 終値： 37176.86
過去17足の最高値36917.27USDを、直近の価格が37176.86USDでブレイクしました
時間： 2021/02/04 05:00 高値： 37200 安値： 36688 終値： 36788.89
時間： 2021/02/04 07:00 高値： 37420.51 安値： 36644.44 終値： 37256.97
過去17足の最高値37221.42USDを、直近の価格が37256.97USDでブレイクしました
時間： 2021/02/04 09:00 高値： 37662.63 安値： 37232.72 終値： 37618.87
過去17足の最高値37420.51USDを、直近の価格が37618.87USDでブレイクしました
時間： 2021/02/04 11:00 高値： 38288 安値： 37615.93 終値： 38147.35
過去17足の最高値37662.63USDを、直近の価格が38147.35USDでブレイクしました
時間： 2021/02/04 13:00 高値： 38215.4 安値： 37363.17 終値： 37498.78
時間： 2021/02/04 15:00 高値： 37924.35 安値： 37326.83 終値： 37578.23
時間： 2021/02/04 17:00 高値： 38195 安値： 37530.95 終値： 37843.4
時間： 2021/02/04 19:00 高値： 38708.27 安値： 36662.45 終値： 37509.22
時間： 2021/02/04 21:00 高値： 37922.78 安値： 37206.2 終値： 37321.75
時間： 2021/02/04 23:00 高値： 37763.57 安値： 37021.8 終値： 37587.58
時間： 2021/02/05 01:00 高値： 37705 安値： 36161.95 終値： 36564.23
時間： 2021/02/05 03:00 高値： 37070 安値： 36399.79 終値： 36884.34
時間： 2021/02/05 05:00 高値： 37499.99 安値： 36761.89 終値： 37467.18
時間： 2021/02/05 07:00 高値： 37783.83 安値： 37302 終値： 37643
時間： 2021/02/05 09:00 高値： 37698.73 安値： 36841.77 終値： 36936.66
時間： 2021/02/05 11:00 高値： 37300 安値： 36570 終値： 36632.38
時間： 2021/02/05 13:00 高値： 37400 安値： 36570 終値： 37366.02
時間： 2021/02/05 15:00 高値： 37499 安値： 36995.27 終値： 37065.97
時間： 2021/02/05 17:00 高値： 37727.22 安値： 37021.8 終値： 37653.98
時間： 2021/02/05 19:00 高値： 37800 安値： 37211.85 終値： 37251.07
時間： 2021/02/05 21:00 高値： 37733.75 安値： 37200 終値： 37691.32
時間： 2021/02/05 23:00 高値： 38298 安値： 37527.14 終値： 38272.32
時間： 2021/02/06 01:00 高値： 38310.12 安値： 37871.42 終値： 37960.76
時間： 2021/02/06 03:00 高値： 38163.34 安値： 37655.17 終値： 37894.61
時間： 2021/02/06 05:00 高値： 37922.44 安値： 37230 終値： 37608.92
時間： 2021/02/06 07:00 高値： 37920 安値： 37485.94 終値： 37819.67
時間： 2021/02/06 09:00 高値： 38309 安値： 37652.79 終値： 38290.24
時間： 2021/02/06 11:00 高値： 39482.18 安値： 38215.94 終値： 38806.45
過去17足の最高値38310.12USDを、直近の価格が38806.45USDでブレイクしました
前回のエントリー価格36914USDからブレイクアウトの方向に2ATR（1410USD）以上動きました
3/10回目の追加注文を出します
証拠金から購入できる枚数は最大8.2280136lotまでです
枚数は最大0.0573227lotに決定しました
現在のポジションに追加して、38845USDで0.0573227lotの買い注文を出します
現在レート 38806.45 なので 0.057323 [lot] は 2224 [USD] です
33288USDの位置にストップを更新します
現在のポジションの取得単価は36108USDです
現在のポジションサイズは0.1719681lotです
時間： 2021/02/06 13:00 高値： 39666 安値： 38612 終値： 39384.74
時間： 2021/02/06 15:00 高値： 39386.93 安値： 38600 終値： 39014.73
時間： 2021/02/06 17:00 高値： 39488.62 安値： 38989.9 終値： 39359.12
時間： 2021/02/06 19:00 高値： 39900 安値： 39297.75 終値： 39887.91
過去17足の最高値39666USDを、直近の価格が39887.91USDでブレイクしました
時間： 2021/02/06 21:00 高値： 40479.86 安値： 39516.17 終値： 40199.99
過去17足の最高値39900USDを、直近の価格が40199.99USDでブレイクしました
時間： 2021/02/06 23:00 高値： 40445.55 安値： 39836.72 終値： 40130.47
時間： 2021/02/07 01:00 高値： 40866.66 安値： 40125.3 終値： 40864.73
過去17足の最高値40479.86USDを、直近の価格が40864.73USDでブレイクしました
前回のエントリー価格38845USDからブレイクアウトの方向に2ATR（1410USD）以上動きました
4/10回目の追加注文を出します
証拠金から購入できる枚数は最大7.7597478lotまでです
枚数は最大0.0573227lotに決定しました
現在のポジションに追加して、40906USDで0.0573227lotの買い注文を出します
現在レート 40864.73 なので 0.057323 [lot] は 2342 [USD] です
34488USDの位置にストップを更新します
現在のポジションの取得単価は37308USDです
現在のポジションサイズは0.2292908lotです
時間： 2021/02/07 03:00 高値： 40955.51 安値： 40163.67 終値： 40197.01
時間： 2021/02/07 05:00 高値： 40444.44 安値： 39940.44 終値： 40179.42
時間： 2021/02/07 07:00 高値： 40250 安値： 39572.74 終値： 40028.19
時間： 2021/02/07 09:00 高値： 40469.19 安値： 39035.33 終値： 39186.94
時間： 2021/02/07 11:00 高値： 39611.04 安値： 38500 終値： 38627.36
時間： 2021/02/07 13:00 高値： 38926.58 安値： 38344 終値： 38841.46
時間： 2021/02/07 15:00 高値： 38839.52 安値： 37923 終値： 38511
時間： 2021/02/07 17:00 高値： 39094.36 安値： 38282.44 終値： 39030
時間： 2021/02/07 19:00 高値： 39700 安値： 39021.22 終値： 39513.92
時間： 2021/02/07 21:00 高値： 39658.04 安値： 38762.16 終値： 39046.6
時間： 2021/02/07 23:00 高値： 39272.69 安値： 38381.62 終値： 38629.26
時間： 2021/02/08 01:00 高値： 38700 安値： 37580 終値： 37921.11
時間： 2021/02/08 03:00 高値： 38244.5 安値： 37351 終値： 37870.62
時間： 2021/02/08 05:00 高値： 38444 安値： 37846.66 終値： 38050
時間： 2021/02/08 07:00 高値： 38635.42 安値： 37660.97 終値： 38530.33
時間： 2021/02/08 09:00 高値： 39080 安値： 38285.1 終値： 38795.69
時間： 2021/02/08 11:00 高値： 39130 安値： 38430.48 終値： 38521.72
時間： 2021/02/08 13:00 高値： 38650 安値： 37988.89 終値： 38076.06
時間： 2021/02/08 15:00 高値： 38872 安値： 37992.39 終値： 38677.47
時間： 2021/02/08 17:00 高値： 39391.78 安値： 38620 終値： 39269.95
時間： 2021/02/08 19:00 高値： 39364.77 安値： 38888 終値： 38954.27
時間： 2021/02/08 21:00 高値： 39498.99 安値： 38844.75 終値： 39423.08
時間： 2021/02/08 23:00 高値： 44800 安値： 39094.01 終値： 42897.12
過去17足の最高値39700USDを、直近の価格が42897.12USDでブレイクしました
前回のエントリー価格40906USDからブレイクアウトの方向に2ATR（1410USD）以上動きました
5/10回目の追加注文を出します
証拠金から購入できる枚数は最大7.3361568lotまでです
枚数は最大0.0573227lotに決定しました
現在のポジションに追加して、42940USDで0.0573227lotの買い注文を出します
現在レート 42897.12 なので 0.057323 [lot] は 2459 [USD] です
35614USDの位置にストップを更新します
現在のポジションの取得単価は38434USDです
現在のポジションサイズは0.2866135lotです
時間： 2021/02/09 01:00 高値： 44164.74 安値： 42767.63 終値： 43716.32
時間： 2021/02/09 03:00 高値： 44280 安値： 42521.62 終値： 43079.07
時間： 2021/02/09 05:00 高値： 43397.02 安値： 42554.71 終値： 43051.95
時間： 2021/02/09 07:00 高値： 44799.58 安値： 42905.29 終値： 44632.41
前回のエントリー価格42940USDからブレイクアウトの方向に2ATR（1410USD）以上動きました
6/10回目の追加注文を出します
証拠金から購入できる枚数は最大6.9971574lotまでです
枚数は最大0.0573227lotに決定しました
現在のポジションに追加して、44677USDで0.0573227lotの買い注文を出します
現在レート 44632.41 なので 0.057323 [lot] は 2558 [USD] です
36654USDの位置にストップを更新します
現在のポジションの取得単価は39474USDです
現在のポジションサイズは0.3439362lotです
時間： 2021/02/09 09:00 高値： 46794.45 安値： 44255.31 終値： 46374.87
過去17足の最高値44800USDを、直近の価格が46374.87USDでブレイクしました
前回のエントリー価格44677USDからブレイクアウトの方向に2ATR（1410USD）以上動きました
7/10回目の追加注文を出します
証拠金から購入できる枚数は最大6.6781858lotまでです
枚数は最大0.0573227lotに決定しました
現在のポジションに追加して、46421USDで0.0573227lotの買い注文を出します
現在レート 46374.87 なので 0.057323 [lot] は 2658 [USD] です
37646USDの位置にストップを更新します
現在のポジションの取得単価は40466USDです
現在のポジションサイズは0.4012589lotです
時間： 2021/02/09 11:00 高値： 47498 安値： 45816.98 終値： 46158.97
時間： 2021/02/09 13:00 高値： 46750 安値： 45500 終値： 46599.51
時間： 2021/02/09 15:00 高値： 47219.13 安値： 46198.76 終値： 46850.12
時間： 2021/02/09 17:00 高値： 48142.19 安値： 46563.31 終値： 47505.4
過去17足の最高値47498USDを、直近の価格が47505.4USDでブレイクしました
時間： 2021/02/09 19:00 高値： 47928.23 安値： 46000 終値： 46401.3
時間： 2021/02/09 21:00 高値： 46683.18 安値： 45560.97 終値： 46380.92
